21:10:21 <INFO> Started REINVENT 4.0.21 (C) AstraZeneca 2017, 2023 on 2023-12-12
21:10:21 <INFO> Command line: /Users/rayant/anaconda3/envs/reinvent4/bin/reinvent -l sampling.log configs/toml/staged_learning.toml
21:10:21 <INFO> User rayant on host Rayans-MacBook-Pro.local
21:10:21 <INFO> Python version 3.10.13
21:10:21 <INFO> PyTorch version 1.12.1, git 664058fa83f1d8eede5d66418abff6e20bd76ca8
21:10:21 <INFO> PyTorch compiled with CUDA version None
21:10:21 <INFO> RDKit version 2022.09.5
21:10:21 <INFO> Platform macOS-14.1.2-arm64-arm-64bit
21:10:21 <INFO> Number of PyTorch CUDA devices 0
21:10:21 <INFO> Using CPU arm
21:10:21 <INFO> Writing TensorBoard summary to /Users/rayant/REINVENT4/tb_logs
21:10:21 <INFO> Writing JSON config file to /Users/rayant/REINVENT4/_staged_learning.json
21:10:21 <INFO> Starting 2 stages of Reinforcement Learning
21:10:21 <INFO> device: cpu
21:10:21 <INFO> Using generator Reinvent
21:10:21 <INFO> Prior read from /Users/rayant/REINVENT4/priors/reinvent.prior
21:10:21 <INFO> Agent read from ('/Users/rayant/REINVENT4/priors/reinvent.prior', {'run_type': 'staged_learning', 'use_cuda': False, 'tb_logdir': 'tb_logs', 'json_out_config': '_staged_learning.json', 'parameters': {'use_checkpoint': False, 'summary_csv_prefix': 'staged_learning', 'prior_file': 'priors/reinvent.prior', 'agent_file': 'priors/reinvent.prior', 'batch_size': 10, 'unique_sequences': True, 'randomize_smiles': True}, 'learning_strategy': {'type': 'dap', 'sigma': 128, 'rate': 0.0001}, 'diversity_filter': {'type': 'IdenticalMurckoScaffold', 'bucket_size': 25, 'minscore': 0.4, 'minsimilarity': 0.4, 'penalty_multiplier': 0.5}, 'stage': [{'chkpt_file': 'test1.chkpt', 'termination': 'simple', 'max_score': 0.6, 'min_steps': 10, 'max_steps': 20, 'scoring': {'type': 'geometric_mean', 'component': [{'custom_alerts': {'endpoint': [{'name': 'Unwanted SMARTS', 'weight': 1, 'params': {'smarts': ['[*;r8]', '[*;r9]', '[*;r10]', '[*;r11]', '[*;r12]', '[*;r13]', '[*;r14]', '[*;r15]', '[*;r16]', '[*;r17]', '[#8][#8]', '[#6;+]', '[#16][#16]', '[#7;!n][S;!$(S(=O)=O)]', '[#7;!n][#7;!n]', 'C#C', 'C(=[O,S])[O,S]', '[#7;!n][C;!$(C(=[O,N])[N,O])][#16;!s]', '[#7;!n][C;!$(C(=[O,N])[N,O])][#7;!n]', '[#7;!n][C;!$(C(=[O,N])[N,O])][#8;!o]', '[#8;!o][C;!$(C(=[O,N])[N,O])][#16;!s]', '[#8;!o][C;!$(C(=[O,N])[N,O])][#8;!o]', '[#16;!s][C;!$(C(=[O,N])[N,O])][#16;!s]']}}]}}, {'MolecularWeight': {'endpoint': [{'name': 'Molecular weight', 'weight': 0.342, 'transform': {'type': 'double_sigmoid', 'high': 500.0, 'low': 200.0, 'coef_div': 500.0, 'coef_si': 20.0, 'coef_se': 20.0}}]}}]}}, {'chkpt_file': 'test2.chkpt', 'termination': 'simple', 'max_score': 0.7, 'min_steps': 10, 'max_steps': 20, 'scoring': {'type': 'geometric_mean', 'filename': 'configs/toml/stage2_scoring.toml', 'filetype': 'toml'}}]})
21:10:21 <INFO> Using reward strategy dap
21:10:21 <INFO> Using diversity filter IdenticalMurckoScaffold
21:10:21 <WARN> Inception disabled but may speed up convergence
21:10:21 <INFO> stages from config: [{'chkpt_file': 'test1.chkpt', 'termination': 'simple', 'max_score': 0.6, 'min_steps': 10, 'max_steps': 20, 'scoring': {'type': 'geometric_mean', 'component': [{'custom_alerts': {'endpoint': [{'name': 'Unwanted SMARTS', 'weight': 1, 'params': {'smarts': ['[*;r8]', '[*;r9]', '[*;r10]', '[*;r11]', '[*;r12]', '[*;r13]', '[*;r14]', '[*;r15]', '[*;r16]', '[*;r17]', '[#8][#8]', '[#6;+]', '[#16][#16]', '[#7;!n][S;!$(S(=O)=O)]', '[#7;!n][#7;!n]', 'C#C', 'C(=[O,S])[O,S]', '[#7;!n][C;!$(C(=[O,N])[N,O])][#16;!s]', '[#7;!n][C;!$(C(=[O,N])[N,O])][#7;!n]', '[#7;!n][C;!$(C(=[O,N])[N,O])][#8;!o]', '[#8;!o][C;!$(C(=[O,N])[N,O])][#16;!s]', '[#8;!o][C;!$(C(=[O,N])[N,O])][#8;!o]', '[#16;!s][C;!$(C(=[O,N])[N,O])][#16;!s]']}}]}}, {'MolecularWeight': {'endpoint': [{'name': 'Molecular weight', 'weight': 0.342, 'transform': {'type': 'double_sigmoid', 'high': 500.0, 'low': 200.0, 'coef_div': 500.0, 'coef_si': 20.0, 'coef_se': 20.0}}]}}]}}, {'chkpt_file': 'test2.chkpt', 'termination': 'simple', 'max_score': 0.7, 'min_steps': 10, 'max_steps': 20, 'scoring': {'type': 'geometric_mean', 'filename': 'configs/toml/stage2_scoring.toml', 'filetype': 'toml'}}]
21:10:21 <INFO> Registered scoring component ROCSSimilarity
21:10:21 <INFO> Registered scoring component GroupCount
21:10:21 <INFO> Registered scoring component FragmentQed
21:10:21 <INFO> Registered scoring component FragmentSlogP
21:10:21 <INFO> Registered scoring component FragmentMolecularWeight
21:10:21 <INFO> Registered scoring component FragmentTPSA
21:10:21 <INFO> Registered scoring component FragmentDistanceMatrix
21:10:21 <INFO> Registered scoring component FragmentNumAtomStereoCenters
21:10:21 <INFO> Registered scoring component FragmentHBondAcceptors
21:10:21 <INFO> Registered scoring component FragmentHBondDonors
21:10:21 <INFO> Registered scoring component FragmentNumRotBond
21:10:21 <INFO> Registered scoring component FragmentCsp3
21:10:21 <INFO> Registered scoring component Fragmentnumsp
21:10:21 <INFO> Registered scoring component Fragmentnumsp2
21:10:21 <INFO> Registered scoring component Fragmentnumsp3
21:10:21 <INFO> Registered scoring component FragmentEffectiveLength
21:10:21 <INFO> Registered scoring component FragmentGraphLength
21:10:21 <INFO> Registered scoring component FragmentLengthRatio
21:10:21 <INFO> Registered scoring component FragmentNumHeavyAtoms
21:10:21 <INFO> Registered scoring component FragmentNumHeteroAtoms
21:10:21 <INFO> Registered scoring component FragmentNumRings
21:10:21 <INFO> Registered scoring component FragmentNumAromaticRings
21:10:21 <INFO> Registered scoring component FragmentNumAliphaticRings
21:10:21 <INFO> Registered scoring component FragmentSlogP
21:10:21 <INFO> Registered scoring component MatchingSubstructure
21:10:21 <INFO> Registered scoring component Qed
21:10:21 <INFO> Registered scoring component SlogP
21:10:21 <INFO> Registered scoring component MolecularWeight
21:10:21 <INFO> Registered scoring component GraphLength
21:10:21 <INFO> Registered scoring component NumAtomStereoCenters
21:10:21 <INFO> Registered scoring component HBondAcceptors
21:10:21 <INFO> Registered scoring component HBondDonors
21:10:21 <INFO> Registered scoring component NumRotBond
21:10:21 <INFO> Registered scoring component Csp3
21:10:21 <INFO> Registered scoring component numsp
21:10:21 <INFO> Registered scoring component numsp2
21:10:21 <INFO> Registered scoring component numsp3
21:10:21 <INFO> Registered scoring component NumHeavyAtoms
21:10:21 <INFO> Registered scoring component NumHeteroAtoms
21:10:21 <INFO> Registered scoring component NumRings
21:10:21 <INFO> Registered scoring component NumAromaticRings
21:10:21 <INFO> Registered scoring component NumAliphaticRings
21:10:21 <INFO> Registered scoring component SlogP
21:10:21 <INFO> Registered scoring component PMI
21:10:21 <INFO> Registered scoring component TanimotoDistance
21:10:21 <INFO> Registered scoring component TPSA
21:10:21 <INFO> Registered scoring component SAScore
21:10:22 <INFO> Registered scoring component ChemProp
21:10:22 <INFO> Registered scoring component CustomAlerts
21:10:22 <INFO> Registered scoring component DockStream
21:10:22 <INFO> Registered scoring component ExternalProcess
21:10:22 <INFO> Registered scoring component REST
21:10:22 <INFO> Registered scoring component Icolos
21:10:22 <INFO> Registered scoring component Maize
21:10:22 <INFO> Registered scoring component MMP
21:10:22 <INFO> Registered scoring component Qptuna
21:10:22 <INFO> Registered scoring component ReactionFilter
21:10:22 <INFO> Creating filter component custom_alerts
21:10:22 <INFO> Creating scoring component MolecularWeight
21:10:22 <INFO> Reading score components from configs/toml/stage2_scoring.toml
21:10:22 <INFO> Registered scoring component ROCSSimilarity
21:10:22 <INFO> Registered scoring component GroupCount
21:10:22 <INFO> Registered scoring component FragmentQed
21:10:22 <INFO> Registered scoring component FragmentSlogP
21:10:22 <INFO> Registered scoring component FragmentMolecularWeight
21:10:22 <INFO> Registered scoring component FragmentTPSA
21:10:22 <INFO> Registered scoring component FragmentDistanceMatrix
21:10:22 <INFO> Registered scoring component FragmentNumAtomStereoCenters
21:10:22 <INFO> Registered scoring component FragmentHBondAcceptors
21:10:22 <INFO> Registered scoring component FragmentHBondDonors
21:10:22 <INFO> Registered scoring component FragmentNumRotBond
21:10:22 <INFO> Registered scoring component FragmentCsp3
21:10:22 <INFO> Registered scoring component Fragmentnumsp
21:10:22 <INFO> Registered scoring component Fragmentnumsp2
21:10:22 <INFO> Registered scoring component Fragmentnumsp3
21:10:22 <INFO> Registered scoring component FragmentEffectiveLength
21:10:22 <INFO> Registered scoring component FragmentGraphLength
21:10:22 <INFO> Registered scoring component FragmentLengthRatio
21:10:22 <INFO> Registered scoring component FragmentNumHeavyAtoms
21:10:22 <INFO> Registered scoring component FragmentNumHeteroAtoms
21:10:22 <INFO> Registered scoring component FragmentNumRings
21:10:22 <INFO> Registered scoring component FragmentNumAromaticRings
21:10:22 <INFO> Registered scoring component FragmentNumAliphaticRings
21:10:22 <INFO> Registered scoring component FragmentSlogP
21:10:22 <INFO> Registered scoring component MatchingSubstructure
21:10:22 <INFO> Registered scoring component Qed
21:10:22 <INFO> Registered scoring component SlogP
21:10:22 <INFO> Registered scoring component MolecularWeight
21:10:22 <INFO> Registered scoring component GraphLength
21:10:22 <INFO> Registered scoring component NumAtomStereoCenters
21:10:22 <INFO> Registered scoring component HBondAcceptors
21:10:22 <INFO> Registered scoring component HBondDonors
21:10:22 <INFO> Registered scoring component NumRotBond
21:10:22 <INFO> Registered scoring component Csp3
21:10:22 <INFO> Registered scoring component numsp
21:10:22 <INFO> Registered scoring component numsp2
21:10:22 <INFO> Registered scoring component numsp3
21:10:22 <INFO> Registered scoring component NumHeavyAtoms
21:10:22 <INFO> Registered scoring component NumHeteroAtoms
21:10:22 <INFO> Registered scoring component NumRings
21:10:22 <INFO> Registered scoring component NumAromaticRings
21:10:22 <INFO> Registered scoring component NumAliphaticRings
21:10:22 <INFO> Registered scoring component SlogP
21:10:22 <INFO> Registered scoring component PMI
21:10:22 <INFO> Registered scoring component TanimotoDistance
21:10:22 <INFO> Registered scoring component TPSA
21:10:22 <INFO> Registered scoring component SAScore
21:10:22 <INFO> Registered scoring component ChemProp
21:10:22 <INFO> Registered scoring component CustomAlerts
21:10:22 <INFO> Registered scoring component DockStream
21:10:22 <INFO> Registered scoring component ExternalProcess
21:10:22 <INFO> Registered scoring component REST
21:10:22 <INFO> Registered scoring component Icolos
21:10:22 <INFO> Registered scoring component Maize
21:10:22 <INFO> Registered scoring component MMP
21:10:22 <INFO> Registered scoring component Qptuna
21:10:22 <INFO> Registered scoring component ReactionFilter
21:10:22 <INFO> Creating scoring component numsp
21:10:22 <INFO> packages: [WorkPackage(scoring_function=<reinvent.scoring.scorer.Scorer object at 0x2918ac070>, learning_strategy=<reinvent.runmodes.RL.reward.RLReward object at 0x291850f10>, max_steps=20, terminator=<reinvent.runmodes.RL.terminators.SimpleTerminator object at 0x29beb27a0>, out_state_filename='test1.chkpt'), WorkPackage(scoring_function=<reinvent.scoring.scorer.Scorer object at 0x29bee4730>, learning_strategy=<reinvent.runmodes.RL.reward.RLReward object at 0x291850f10>, max_steps=20, terminator=<reinvent.runmodes.RL.terminators.SimpleTerminator object at 0x29bee5ed0>, out_state_filename='test2.chkpt')]
21:10:22 <INFO> SMILES list: ['O=c1oc2ccccc2cc1COC(CO)CO', 'CC1(CO)CCC(O)C23CCC4C(C)(C(=O)O)CCCC4(C)C2CCC13', 'CC(C)(C)c1ccc(OCC(=O)NC2(C#N)CCCCC2)cc1', 'COc1ccc(NC(=O)C(=O)c2c(Cl)[nH]c(=O)[nH]c2=O)cc1C(F)(F)F', 'COc1cc(C(C)NCc2coc3[nH]c(=N)[nH]c(=N)c23)cc(OC)c1OC', 'COc1ccc(CCNCC(O)Cc2c[nH]c3ccccc23)c(OC)c1', 'COc1ccc(S(=O)(=O)N(C)CC(=O)Nc2ccccc2C(F)(F)F)cc1', 'Cc1ccc(C(C)NC(=O)c2sc3ncc(F)cc3c2C)cc1C', 'CCCCOc1ccccc1N1CCC(c2ccc(Cl)cc2Cl)C1=O', 'OC1CCC(NCc2cccs2)CC1']
21:10:22 <INFO> scores: 9.99999993922529e-09
21:10:22 <INFO> scores: 9.999999999999999e-09
21:10:22 <INFO> current package: WorkPackage(scoring_function=<reinvent.scoring.scorer.Scorer object at 0x29bee4730>, learning_strategy=<reinvent.runmodes.RL.reward.RLReward object at 0x291850f10>, max_steps=20, terminator=<reinvent.runmodes.RL.terminators.SimpleTerminator object at 0x29bee5ed0>, out_state_filename='test2.chkpt')
21:10:22 <INFO> Writing tabular data for stage to staged_learning_1.csv
21:10:22 <INFO> Starting stage 1 <<<
21:10:23 <INFO> sigma: 128, prior_lls: tensor([-30.9785, -24.1182, -26.8262, -33.1501, -28.0645, -32.9465, -37.0458,
        -43.4209, -24.9761, -27.9752])
21:10:24 <INFO> Score: 0.20 Agent NLL: 30.95 Valid: 100% Step: 1
 | Agent Prior Target Score SMILES Scaffold numsp Score numsp Score (raw)
 | 33.1501 30.9785 225.0215 2.0000000 CC1CN(CC#Cc2ccn3ncc(-c4ccccc4)c3n2)CCN1C C(#Cc1ccn2ncc(-c3ccccc3)c2n1)CN1CCNCC1 2.0000000 2.0000
 | 28.0645 24.1182 -24.1182 0.0000000 COC(=O)CC1C(OC(C)=O)CCC2(C)C1CCC1C3CCC(=O)C3(C)CCC12 O=C1CCC2C1CCC1C3CCCCC3CCC21 0.0000000 0.0000
 | 37.0458 26.8262 -26.8262 0.0000000 COC12CCC3(Cc4nc5ccc(F)cc5c(C)c4C31)CC2C(=O)O c1ccc2nc3c(cc2c1)C1C2CCC1(CC2)C3 0.0000000 0.0000
 | 32.9465 33.1501 -33.1501 0.0000000 CC1CCN(C(=S)N(Cc2ccccn2)C2(C)CCS(=O)(=O)C2)CC1 O=S1(=O)CCC(N(Cc2ccccn2)C(=S)N2CCCCC2)C1 0.0000000 0.0000
 | 30.9785 28.0645 -28.0645 0.0000000 COC(=O)C1(C)C=Cc2c(OC)c(OC)cc(O)c2C1=O O=C1CC=Cc2ccccc21 0.0000000 0.0000
 | 24.1182 32.9465 -32.9465 0.0000000 CC1(C)C=C(N2CCOCC2)c2cnn(-c3ccccc3)c2C1 C1=C(N2CCOCC2)c2cnn(-c3ccccc3)c2CC1 0.0000000 0.0000
 | 27.9752 37.0458 -37.0458 0.0000000 CN(C)c1cccc(CNC(=O)CCN2C(=O)C(c3ccccc3)Oc3cccnc32)c1 O=C(CCN1C(=O)C(c2ccccc2)Oc2cccnc21)NCc1ccccc1 0.0000000 0.0000
 | 43.4208 43.4209 -43.4209 0.0000000 CCCN(c1ncc2c(-c3ccc(C(N)=O)cc3)[nH]nc2c1C)C1CCOCC1 c1ccc(-c2[nH]nc3cc(NC4CCOCC4)ncc23)cc1 0.0000000 0.0000
 | 26.8262 24.9761 -24.9761 0.0000000 COc1ccc(NS(=O)(=O)c2cccc(NC(=O)Cc3n[nH]c(=O)c4ccccc34)c2)cc1 O=C(Cc1n[nH]c(=O)c2ccccc12)Nc1cccc(S(=O)(=O)Nc2ccccc2)c1 0.0000000 0.0000
 | 24.9761 27.9752 -27.9752 0.0000000 CN(Cc1ccccc1)Cc1ccc2oc3ccccc3c(=O)c2c1 O=c1c2ccccc2oc2ccc(CNCc3ccccc3)cc12 0.0000000 0.0000
21:10:24 <INFO> sigma: 128, prior_lls: tensor([-26.8229, -25.3793, -42.0400, -27.4465, -18.0618, -26.3027, -24.5897,
        -32.8439, -26.0181, -29.6642])
21:10:25 <INFO> Score: 0.00 Agent NLL: 27.90 Valid: 100% Step: 2
 | Agent Prior Target Score SMILES Scaffold numsp Score numsp Score (raw)
 | 26.8312 26.8229 -26.8229 0.0000000 CC(O)C(=O)N=c1[nH]nc(S(=O)(=O)N2CCOCC2)s1 N=c1[nH]nc(S(=O)(=O)N2CCOCC2)s1 0.0000000 0.0000
 | 32.8550 25.3793 -25.3793 0.0000000 O=C(Nc1ccc(F)cc1)c1cnc2cc(Nc3ccccc3)cc(-c3ccccc3)c2c1O O=C(Nc1ccccc1)c1cnc2cc(Nc3ccccc3)cc(-c3ccccc3)c2c1 0.0000000 0.0000
 | 42.1365 42.0400 -42.0400 0.0000000 COc1c(-c2cccc(C(=O)N3CC4COCCN4c4ccccc43)c2)cc(F)c(F)c1F O=C(c1cccc(-c2ccccc2)c1)N1CC2COCCN2c2ccccc21 0.0000000 0.0000
 | 26.2692 27.4465 -27.4465 0.0000000 COc1cc(-c2cnc(C)n2C)ccc1N=c1nc2c(c[nH]1)c1ccncc1n2C1CCCC1 c1cc2c3c[nH]c(=Nc4ccc(-c5cnc[nH]5)cc4)nc3n(C3CCCC3)c2cn1 0.0000000 0.0000
 | 25.3760 18.0618 -18.0618 0.0000000 COc1ccc(C(=C(C)[N+](=O)[O-])c2ccc(OC)cc2)cc1 C=C(c1ccccc1)c1ccccc1 0.0000000 0.0000
 | 27.3497 26.3027 -26.3027 0.0000000 CC(Cc1ccccc1)C(=O)NCC(c1ccc(F)cc1)N1CCN(C)CC1 O=C(CCc1ccccc1)NCC(c1ccccc1)N1CCNCC1 0.0000000 0.0000
 | 24.5664 24.5897 -24.5897 0.0000000 S=C1Nc2ccc(Cl)cc2C(c2ccccc2)N1CCN1CCCC1 S=C1Nc2ccccc2C(c2ccccc2)N1CCN1CCCC1 0.0000000 0.0000
 | 18.0400 32.8439 -32.8439 0.0000000 COC1=CC(=O)c2cc(OC)cc(O)c2C1=O O=C1C=CC(=O)c2ccccc21 0.0000000 0.0000
 | 29.6780 26.0181 -26.0181 0.0000000 CC(=NNC(=O)CN1CCN(S(=O)(=O)c2cccc(Cl)c2Cl)CC1)c1ccccc1O O=C(CN1CCN(S(=O)(=O)c2ccccc2)CC1)NN=Cc1ccccc1 0.0000000 0.0000
 | 25.9419 29.6642 -29.6641 0.0000000 CC(C)C(=O)N1CCCC1C(=O)NCc1cccnc1 O=C(NCc1cccnc1)C1CCCN1 0.0000000 0.0000
21:10:26 <INFO> sigma: 128, prior_lls: tensor([-28.7488, -23.9067, -27.3979, -35.0819, -37.6146, -27.7843, -23.5623,
        -34.6262, -27.0971, -28.6326])
21:10:27 <INFO> Score: 0.20 Agent NLL: 29.45 Valid: 100% Step: 3
 | Agent Prior Target Score SMILES Scaffold numsp Score numsp Score (raw)
 | 23.5762 28.7488 -28.7488 0.0000000 COc1cccc(C=CC(=O)OCC(=O)c2c(N)n(CC(C)C)c(=O)n(C)c2=O)c1 O=C(C=Cc1ccccc1)OCC(=O)c1c[nH]c(=O)[nH]c1=O 0.0000000 0.0000
 | 28.5106 23.9067 232.0933 2.0000000 CCN(CC)S(=O)(=O)c1ccc(CNC(=NC)NC#N)s1 c1ccsc1 2.0000000 2.0000
 | 37.7474 27.3979 -27.3979 0.0000000 C=CC1CC1(NC(=O)C1CC(OC(=O)Nc2cccc(C(F)(F)F)c2)CN1C(=O)C(NC(=O)C(NC(=O)OCc1ccccc1)C(C)(C)C)C(C)(C)C)C(=O)NS(=O)(=O)C1CC1 O=C(CNC(=O)OCc1ccccc1)NCC(=O)N1CC(OC(=O)Nc2ccccc2)CC1C(=O)NC1(C(=O)NS(=O)(=O)C2CC2)CC1 0.0000000 0.0000
 | 27.8092 35.0819 -35.0819 0.0000000 Cc1ccc2oc(SCC(=O)N3CC(=O)Nc4ccccc43)nc2c1 O=C1CN(C(=O)CSc2nc3ccccc3o2)c2ccccc2N1 0.0000000 0.0000
 | 28.7711 37.6146 -37.6146 0.0000000 NNC(=S)Nc1ccc(N=Cc2cc(Br)cc([N+](=O)[O-])c2O)cc1 C(=Nc1ccccc1)c1ccccc1 0.0000000 0.0000
 | 27.5672 27.7843 -27.7843 0.0000000 Cc1cn(CCNCc2ccc(CN3CCOCC3)cc2)c(=O)[nH]c1=O O=c1ccn(CCNCc2ccc(CN3CCOCC3)cc2)c(=O)[nH]1 0.0000000 0.0000
 | 27.1545 23.5623 -23.5623 0.0000000 O=C(NC(CCc1ccccc1)C(=O)NC(Cc1c[nH]cn1)C(=O)O)OCc1ccccc1 O=C(NC(CCc1ccccc1)C(=O)NCCc1c[nH]cn1)OCc1ccccc1 0.0000000 0.0000
 | 34.4612 34.6262 -34.6262 0.0000000 CC(C)C(C)N1CCC(c2cc(=NC(=O)c3nc4ccccc4s3)n(-c3ccccc3)[nH]2)CC1 O=C(N=c1cc(C2CCNCC2)[nH]n1-c1ccccc1)c1nc2ccccc2s1 0.0000000 0.0000
 | 23.8730 27.0971 -27.0971 0.0000000 O=C(NNC(=O)c1ccnc(Cl)c1)c1ccccc1 O=C(NNC(=O)c1ccncc1)c1ccccc1 0.0000000 0.0000
 | 35.0160 28.6326 -28.6326 0.0000000 COC(=O)C1=C(CCc2cccc3ccccc23)CC2CCC1N2C(=O)NCc1ccccc1 O=C(NCc1ccccc1)N1C2C=C(CCc3cccc4ccccc34)CC1CC2 0.0000000 0.0000
21:10:28 <INFO> sigma: 128, prior_lls: tensor([-35.6675, -18.7686, -28.7727, -30.6524, -22.7170, -43.5245, -24.8921,
        -27.8279, -19.2139, -33.9516])
21:10:28 <INFO> Score: 0.20 Agent NLL: 28.59 Valid: 100% Step: 4
 | Agent Prior Target Score SMILES Scaffold numsp Score numsp Score (raw)
 | 27.7024 35.6675 -35.6675 0.0000000 Cc1ccc(-n2cc(O)c(-c3nc4cc(C(=O)O)ccc4[nH]3)c2N)cc1 c1ccc(-n2ccc(-c3nc4ccccc4[nH]3)c2)cc1 0.0000000 0.0000
 | 43.5217 18.7686 -18.7686 0.0000000 Nc1ccc(CC2NC(=O)C3(CCC4CC3C3=C4C(=O)CCCC3)NC2=O)cc1 O=C1CCCCC2=C1C1CCC3(NC(=O)C(Cc4ccccc4)NC3=O)C2C1 0.0000000 0.0000
 | 19.0977 28.7727 -28.7727 0.0000000 COC(=O)C1C(C)=NC(=O)NC1c1ccco1 O=C1N=CCC(c2ccco2)N1 0.0000000 0.0000
 | 35.5613 30.6524 -30.6524 0.0000000 CNC(=O)C(NC(=O)C(CC(N)=O)c1ccc2ccccc2c1)C(C)(C)C c1ccc2ccccc2c1 0.0000000 0.0000
 | 28.8754 22.7170 233.2830 2.0000000 COc1cc(C#N)cc(-c2ccc(OC)c3[nH]c(=N)[nH]c(=N)c23)c1 N=c1[nH]c(=N)c2c(-c3ccccc3)cccc2[nH]1 2.0000000 2.0000
 | 34.1600 43.5245 -43.5245 0.0000000 CCc1c(C(=O)c2c(F)cccc2F)n(CCCc2ccc(C(C)CC)cc2)c(=O)[nH]c1=O O=C(c1ccccc1)c1cc(=O)[nH]c(=O)n1CCCc1ccccc1 0.0000000 0.0000
 | 24.9088 24.8921 -24.8921 0.0000000 Cc1cc(C)c(NC(=O)Nc2ccccc2C(=O)NCc2ccco2)c(C)c1 O=C(Nc1ccccc1)Nc1ccccc1C(=O)NCc1ccco1 0.0000000 0.0000
 | 22.6932 27.8279 -27.8279 0.0000000 Cc1cc(Br)ccc1NCc1ccccc1 c1ccc(CNc2ccccc2)cc1 0.0000000 0.0000
 | 30.5573 19.2139 -19.2139 0.0000000 Cc1[nH]c2ccccc2c1C1(CNC(=O)C(=O)NCCc2ccccc2)CCCC1 O=C(NCCc1ccccc1)C(=O)NCC1(c2c[nH]c3ccccc23)CCCC1 0.0000000 0.0000
 | 18.8105 33.9516 -33.9516 0.0000000 O=Cc1c(N2CCCCC2)nc2ccccn2c1=O O=c1cc(N2CCCCC2)nc2ccccn12 0.0000000 0.0000
21:10:29 <INFO> sigma: 128, prior_lls: tensor([-28.6685, -35.4321, -28.5140, -42.1706, -25.7447, -58.3841, -36.2168,
        -24.6867, -49.8717, -30.5307])
21:10:30 <INFO> Score: 0.20 Agent NLL: 36.01 Valid: 100% Step: 5
 | Agent Prior Target Score SMILES Scaffold numsp Score numsp Score (raw)
 | 28.4797 28.6685 -28.6685 0.0000000 Cc1nn(-c2ccccc2)nc1CNC1CCN(Cc2ccc3c(c2)OCO3)CC1 c1ccc(-n2ncc(CNC3CCN(Cc4ccc5c(c4)OCO5)CC3)n2)cc1 0.0000000 0.0000
 | 35.6584 35.4321 220.5679 2.0000000 CCc1ncnc(-c2ccc(C(=O)NCCN(C)C)c(F)c2)c1C#CC1CC1F C(#CC1CC1)c1cncnc1-c1ccccc1 2.0000000 2.0000
 | 58.4534 28.5140 -28.5140 0.0000000 CC(C(=O)NC(=O)C1CCCN1S(=O)(=O)c1ccc(Cl)cc1)c1cc(Br)c(OCCCN)cc1CCNS(=O)(=O)c1cccs1 O=C(Cc1ccccc1CCNS(=O)(=O)c1cccs1)NC(=O)C1CCCN1S(=O)(=O)c1ccccc1 0.0000000 0.0000
 | 28.4014 42.1706 -42.1706 0.0000000 C=CCN1CCN(C(c2cc(Cl)c(OC)c(OC)c2)c2nnnn2C(C)(C)C)CC1 c1ccc(C(c2nnn[nH]2)N2CCNCC2)cc1 0.0000000 0.0000
 | 49.8963 25.7447 -25.7447 0.0000000 Cc1ccc(-c2ccc(C(C)(C)N)nc2)c2sc(-c3ccc4[nH]c(=O)[nH]c4n3)nc12 O=c1[nH]c2ccc(-c3nc4cccc(-c5cccnc5)c4s3)nc2[nH]1 0.0000000 0.0000
 | 36.3196 58.3841 -58.3841 0.0000000 CCCCCCNc1ccc2ncn(CCCCCOCc3ccccc3)c2c1 c1ccc(COCCCCCn2cnc3ccccc32)cc1 0.0000000 0.0000
 | 30.2889 36.2168 -36.2168 0.0000000 CCn1ccc(N2Cc3ccc(C(F)(F)F)nc3Nc3ccccc32)n1 c1cnc2c(c1)CN(c1cc[nH]n1)c1ccccc1N2 0.0000000 0.0000
 | 42.1629 24.6867 -24.6867 0.0000000 CSc1nc2cc3nc(C(=O)N(CCCN)c4c[nH]cnc4=N)ccc3nc2s1 N=c1nc[nH]cc1NC(=O)c1ccc2nc3scnc3cc2n1 0.0000000 0.0000
 | 24.7053 49.8717 -49.8717 0.0000000 COc1ccc(NC(=O)Cc2coc3ccccc23)cc1S(=O)(=O)N1CCOCC1 O=C(Cc1coc2ccccc12)Nc1cccc(S(=O)(=O)N2CCOCC2)c1 0.0000000 0.0000
 | 25.7381 30.5307 -30.5307 0.0000000 Cc1ccc(Oc2nc3c(c(=O)n(Cc4ccccc4)c(=O)n3C)n2C)c(C)c1 O=c1[nH]c2nc(Oc3ccccc3)[nH]c2c(=O)n1Cc1ccccc1 0.0000000 0.0000
21:10:31 <INFO> sigma: 128, prior_lls: tensor([-21.0407, -21.8364, -25.0625, -22.8373, -46.2335, -28.5041, -24.2242,
        -31.6534, -24.5174, -49.7453])
21:10:32 <INFO> Score: 0.00 Agent NLL: 29.62 Valid: 100% Step: 6
 | Agent Prior Target Score SMILES Scaffold numsp Score numsp Score (raw)
 | 25.0762 21.0407 -21.0407 0.0000000 COC(=O)C(C=Nc1cccc(OC)c1)c1ccccc1 C(Cc1ccccc1)=Nc1ccccc1 0.0000000 0.0000
 | 21.6756 21.8364 -21.8364 0.0000000 Cc1ccccc1C(=COCCN1CCCC(C(=O)O)C1)c1ccccc1 C(OCCN1CCCCC1)=C(c1ccccc1)c1ccccc1 0.0000000 0.0000
 | 49.7447 25.0625 -25.0625 0.0000000 CC(C)(C)OC(=O)N1C=C(C2(C3COC(C)(C)O3)C(=S)Nc3cncn32)C(=O)CC1 O=C1CCNC=C1C1(C2COCO2)C(=S)Nc2cncn21 0.0000000 0.0000
 | 46.5111 22.8373 -22.8373 0.0000000 CC1=C(OC(=O)Nc2ccccc2C(F)(F)F)C(CCC=CCCC(=O)O)C(c2ccccc2)(c2ccc(S(C)(=O)=O)cc2)OC1c1ccccc1 O=C(Nc1ccccc1)OC1=CC(c2ccccc2)OC(c2ccccc2)(c2ccccc2)C1 0.0000000 0.0000
 | 24.6587 46.2335 -46.2335 0.0000000 Cc1ccc2c(C)c(C(=O)Nc3ccc(F)c(Cl)c3)oc2c1 O=C(Nc1ccccc1)c1cc2ccccc2o1 0.0000000 0.0000
 | 24.1908 28.5041 -28.5041 0.0000000 Cc1nc2c([nH]c1=O)c(-c1ccc(Cl)cc1)nc1ccccc12 O=c1cnc2c([nH]1)c(-c1ccccc1)nc1ccccc12 0.0000000 0.0000
 | 22.9406 24.2242 -24.2242 0.0000000 Cc1nn(C)c(C)c1NS(=O)(=O)c1ccc(C=Cc2ccc(Cl)cc2)cc1 O=S(=O)(Nc1cn[nH]c1)c1ccc(C=Cc2ccccc2)cc1 0.0000000 0.0000
 | 31.7780 31.6534 -31.6534 0.0000000 O=C(O)C(Cc1ccc([N+](=O)[O-])cc1F)=NN=c1[nH]c(-c2ccc(Br)cc2)cs1 C(Cc1ccccc1)=NN=c1[nH]c(-c2ccccc2)cs1 0.0000000 0.0000
 | 21.0648 24.5174 -24.5174 0.0000000 CC1OC(c2ccc(Cl)cc2)OC1C c1ccc(C2OCCO2)cc1 0.0000000 0.0000
 | 28.5777 49.7453 -49.7453 0.0000000 CCOc1cnc(-n2c(O)c(O)c(C(=O)C3CCCCC3)c2-c2ccccc2)cn1 O=C(c1ccn(-c2cnccn2)c1-c1ccccc1)C1CCCCC1 0.0000000 0.0000
21:10:33 <INFO> sigma: 128, prior_lls: tensor([-20.8053, -32.1137, -21.9043, -22.1082, -26.0886, -32.4869, -33.8308,
        -21.1973, -63.7966, -27.7953])
21:10:34 <INFO> Score: 0.00 Agent NLL: 30.18 Valid: 100% Step: 7
 | Agent Prior Target Score SMILES Scaffold numsp Score numsp Score (raw)
 | 32.3365 20.8053 -20.8053 0.0000000 COc1ccc(OCC(O)CNCCCN=c2cc[nH]c3cc(Oc4ccccc4)ccc23)c(C(C)(C)C)c1 c1ccc(OCCCNCCCN=c2cc[nH]c3cc(Oc4ccccc4)ccc23)cc1 0.0000000 0.0000
 | 20.8689 32.1137 -32.1137 0.0000000 COC(=O)C1CCN(C(=O)c2ccc(Cl)cc2)CC1 O=C(c1ccccc1)N1CCCCC1 0.0000000 0.0000
 | 21.4309 21.9043 -21.9043 0.0000000 CNC1COC(CN)C1N C1CCOC1 0.0000000 0.0000
 | 27.7339 22.1082 -22.1082 0.0000000 CCN=c1sc(CC(=O)Nc2sccc2C(=O)OCC)c(O)n1CC N=c1[nH]cc(CC(=O)Nc2cccs2)s1 0.0000000 0.0000
 | 26.2195 26.0886 -26.0886 0.0000000 CS(=O)(=O)N1CCc2ccc(C(F)(F)F)nc2C1CO c1cnc2c(c1)CCNC2 0.0000000 0.0000
 | 21.2947 32.4869 -32.4869 0.0000000 Cc1cccc(N=c2[nH]nc(SCC(=O)N3CCOCC3)s2)c1 O=C(CSc1n[nH]c(=Nc2ccccc2)s1)N1CCOCC1 0.0000000 0.0000
 | 63.7662 33.8308 -33.8308 0.0000000 Cc1ccccc1C1CCN(C(=O)C(Cc2ccc(Cl)cc2)NC(=O)C(CC2CCCCC2)NC(=O)N(C)CCc2ccccn2)C(=O)C2CCN2CCC(C(N)=O)(c2ccccc2)CC1 O=C(NCCc1ccccn1)NC(CC1CCCCC1)C(=O)NC(Cc1ccccc1)C(=O)N1CCC(c2ccccc2)CCC(c2ccccc2)CCN2CCC2C1=O 0.0000000 0.0000
 | 33.8524 21.1973 -21.1973 0.0000000 CC(C)(C)c1ncc(C(=O)NCc2ccc(F)cc2F)c2ccccc12 O=C(NCc1ccccc1)c1cncc2ccccc12 0.0000000 0.0000
 | 32.2081 63.7966 -63.7966 0.0000000 CN(C(=O)OC(C)(C)C)C1Cc2cccc3oc(=O)n(c23)C1 O=c1oc2cccc3c2n1CCC3 0.0000000 0.0000
 | 22.0457 27.7953 -27.7953 0.0000000 Cc1ccc(Cc2nn3c(-c4ccccc4)nnc3s2)cc1 c1ccc(Cc2nn3c(-c4ccccc4)nnc3s2)cc1 0.0000000 0.0000
21:10:35 <INFO> sigma: 128, prior_lls: tensor([-29.8617, -25.7871, -23.1061, -48.7670, -63.7699, -22.2479, -39.4112,
        -56.4639, -24.8814, -20.2948])
21:10:35 <INFO> Score: 0.20 Agent NLL: 35.45 Valid:  90% Step: 8
 | Agent Prior Target Score SMILES Scaffold numsp Score numsp Score (raw)
 | 63.4282 29.8617 -29.8617 0.0000000 CCCOC(=O)NC(CCN1CCC2(CCCC2)CC1)C(=O)N(C)C(C)CN(CC(C)C)C(=O)c1nc2ccccc2c(=O)[nH]1 O=C(CCCN1CCC2(CCCC2)CC1)NCCNC(=O)c1nc2ccccc2c(=O)[nH]1 0.0000000 0.0000
 | 39.3535 25.7871 -25.7871 0.0000000 CCCCC=C1OCc2c1ccc(OC)c2NC(=O)NC(=O)c1c(Cl)cccc1Cl C=C1OCc2c(NC(=O)NC(=O)c3ccccc3)cccc21 0.0000000 0.0000
 | 20.4098 23.1061 -23.1061 0.0000000 C=C1C(=O)OC2C1CCC1(C)C(c3ccoc3)OC(=O)CC21 C=C1C(=O)OC2C1CCC1C(c3ccoc3)OC(=O)CC12 0.0000000 0.0000
 | 25.9119 48.7670 -48.7670 0.0000000 CC(C)(C)OC(=O)N1C2CCC1CC(OC(=O)c1cc(Cl)cc(Cl)c1)C2 O=C(OC1CC2CCC(C1)N2)c1ccccc1 0.0000000 0.0000
 | 56.1962 63.7699 192.2301 2.0000000 CC(C=CC=CC#N)CC(CC1OC(CO)C(OC2OC(CO)C(O)C(O)C2O)C(C(C)C(C)O)O1)OC1OC(CO)C(O)C(O)C1O C1CCC(OCCC2OCC(OC3CCCCO3)CO2)OC1 2.0000000 2.0000
 | 23.0670 22.2479 -22.2479 0.0000000 CS(=O)(=O)C(C(=O)NCCS(N)(=O)=O)c1nc2ccc(-c3ccc(Cl)cc3)cc2s1 c1ccc(-c2ccc3ncsc3c2)cc1 0.0000000 0.0000
 | 24.8614 39.4112 -39.4112 0.0000000 CCn1c(CN2CCc3cccnc32)n[nH]c1=S S=c1[nH]nc(CN2CCc3cccnc32)[nH]1 0.0000000 0.0000
 | 22.3628 56.4639 -56.4639 0.0000000 CSc1ccccc1NC(=O)Nc1c(C(C)C)cccc1C(C)C O=C(Nc1ccccc1)Nc1ccccc1 0.0000000 0.0000
 | 48.7831 24.8814 -24.8814 0.0000000 INVALID8 -- 0.0000000 0.0000
 | 30.0772 20.2948 -20.2948 0.0000000 CCc1ccn(C(c2ccc(Cl)cc2)C2CCCC2)c(=O)c1Br O=c1ccccn1C(c1ccccc1)C1CCCC1 0.0000000 0.0000
21:10:36 <INFO> sigma: 128, prior_lls: tensor([-27.5719, -25.5834, -32.8594, -39.6445, -31.2231, -22.8566, -29.5957,
        -20.9681, -27.5197, -24.7110])
21:10:37 <INFO> Score: 0.00 Agent NLL: 28.18 Valid: 100% Step: 9
 | Agent Prior Target Score SMILES Scaffold numsp Score numsp Score (raw)
 | 39.4796 27.5719 -27.5719 0.0000000 Cn1ncc2ccccc2c(=NC(C)(C)C(Cc2ccccc2)NC(=O)CBr)c1=O O=c1[nH]ncc2ccccc2c1=NCCCc1ccccc1 0.0000000 0.0000
 | 24.6375 25.5834 -25.5834 0.0000000 CCCN1CCC(=O)N(C(C)=O)CC1 O=C1CCNCCN1 0.0000000 0.0000
 | 25.5362 32.8594 -32.8594 0.0000000 O=C(CCNCCCCc1ccccc1)NCc1ccccc1 O=C(CCNCCCCc1ccccc1)NCc1ccccc1 0.0000000 0.0000
 | 30.8312 39.6445 -39.6445 0.0000000 N=c1cc(-c2ccn3nc(N4CCOCC4)cc3c2)[nH][nH]1 N=c1cc(-c2ccn3nc(N4CCOCC4)cc3c2)[nH][nH]1 0.0000000 0.0000
 | 22.8050 31.2231 -31.2231 0.0000000 CCN(c1ccccc1)S(=O)(=O)c1n[nH]c(=NC(=O)c2ccccc2OC)s1 O=C(N=c1[nH]nc(S(=O)(=O)Nc2ccccc2)s1)c1ccccc1 0.0000000 0.0000
 | 27.7017 22.8566 -22.8566 0.0000000 CCOC(=O)C1=[N+](Cc2ccccc2)CCc2cc(OC)c(OC)cc21 C1=[N+](Cc2ccccc2)CCc2ccccc21 0.0000000 0.0000
 | 32.4492 29.5957 -29.5957 0.0000000 CN(C)CC(=O)N1CCC(c2cnc(-c3cccc(F)n3)cn2)C1 c1ccc(-c2cnc(C3CCNC3)cn2)nc1 0.0000000 0.0000
 | 21.1105 20.9681 -20.9681 0.0000000 O=C(O)C1CCCN1C(=O)c1cccnc1 O=C(c1cccnc1)N1CCCC1 0.0000000 0.0000
 | 27.5298 27.5197 -27.5197 0.0000000 Cc1nc(SCC(=O)Nc2ccc(N3CCOCC3)cc2)c2c(=O)[nH]c(=O)n(C)c2n1 O=C(CSc1ncnc2[nH]c(=O)[nH]c(=O)c12)Nc1ccc(N2CCOCC2)cc1 0.0000000 0.0000
 | 29.7477 24.7110 -24.7110 0.0000000 CCCCNc1oc(-c2ccc(C)cc2)cc(=O)c1OC O=c1ccoc(-c2ccccc2)c1 0.0000000 0.0000
21:10:37 <INFO> sigma: 128, prior_lls: tensor([-23.2897, -31.0862, -35.4202, -29.3214, -23.8723, -26.1954, -25.5087,
        -35.5282, -21.8915, -21.2992])
21:10:38 <INFO> Score: 0.00 Agent NLL: 27.27 Valid: 100% Step: 10
 | Agent Prior Target Score SMILES Scaffold numsp Score numsp Score (raw)
 | 26.0793 23.2897 -23.2897 0.0000000 COc1ccccc1N1CCN(CCC(C)Cn2cnc3ccccc32)CC1 c1ccc(N2CCN(CCCCn3cnc4ccccc43)CC2)cc1 0.0000000 0.0000
 | 35.4648 31.0862 -31.0862 0.0000000 COc1cc(C=CC(=O)Nc2ccc3c(c2)OCCO3)ccc1OCc1cn(CCN2C(=O)C(=O)c3ccc(Cl)cc32)nn1 O=C(C=Cc1ccc(OCc2cn(CCN3C(=O)C(=O)c4ccccc43)nn2)cc1)Nc1ccc2c(c1)OCCO2 0.0000000 0.0000
 | 23.7681 35.4202 -35.4202 0.0000000 CCCCCC(O)C=CC1CCC(=O)N1CCOC(=O)C(C)C O=C1CCCN1 0.0000000 0.0000
 | 29.0364 29.3214 -29.3214 0.0000000 C=CCN(CCN=C1NS(=O)(=O)c2ccccc21)C(=O)Nc1ccc([N+](=O)[O-])cc1 O=C(NCCN=C1NS(=O)(=O)c2ccccc21)Nc1ccccc1 0.0000000 0.0000
 | 21.8003 23.8723 -23.8723 0.0000000 CC(SC(=S)N1CCOCC1)c1ccccc1 S=C(SCc1ccccc1)N1CCOCC1 0.0000000 0.0000
 | 30.7219 26.1954 -26.1954 0.0000000 CCNCC1CC2(C(=O)Nc3ccc(C)cc32)N(C)C1=O O=C1CCC2(N1)C(=O)Nc1ccccc12 0.0000000 0.0000
 | 25.6026 25.5087 -25.5087 0.0000000 CS(=O)(=O)CCOCCN1CCCC1 C1CCNC1 0.0000000 0.0000
 | 23.2630 35.5282 -35.5282 0.0000000 CCCn1[nH]c(=NC(C)=O)c2cc3ccccc3nc21 N=c1[nH][nH]c2nc3ccccc3cc12 0.0000000 0.0000
 | 35.3989 21.8915 -21.8915 0.0000000 CC1(O)c2cc(-c3ccc(C(N)=O)cn3)ccc2-c2[nH]c3ccccc3c21 c1ccc(-c2ccc3c(c2)Cc2c-3[nH]c3ccccc23)nc1 0.0000000 0.0000
 | 21.5812 21.2992 -21.2992 0.0000000 O=C(COc1ccc(Cl)cc1Cl)NNC(=O)c1ccccn1 O=C(COc1ccccc1)NNC(=O)c1ccccn1 0.0000000 0.0000
21:10:39 <INFO> sigma: 128, prior_lls: tensor([-39.1689, -50.3842, -27.1065, -32.2755, -33.0948, -34.3950, -25.9026,
        -31.6544, -44.2830, -19.9292])
21:10:40 <INFO> Score: 0.00 Agent NLL: 33.84 Valid: 100% Step: 11
 | Agent Prior Target Score SMILES Scaffold numsp Score numsp Score (raw)
 | 25.8117 39.1689 -39.1689 0.0000000 CCN(CC)CCCCNc1cc(O)n(-c2ccc(Cl)cc2)c1O c1ccc(-n2cccc2)cc1 0.0000000 0.0000
 | 39.3404 50.3842 -50.3842 0.0000000 CCOC(=O)CN(CCOCCOCCN(CC(=O)O)CC(=O)NC(Cc1ccc(N=C(N)N)cc1)C(=O)O)CCN(CC(=O)O)CC(=O)O c1ccccc1 0.0000000 0.0000
 | 50.0870 27.1065 -27.1065 0.0000000 CCCCCC(=O)OC1CC(C)C2=CC(OC(C)=O)C(C)(C)CC2C12C=CC(=O)C(O)C2O O=C1C=CC2(CCCC3=CCCCC32)CC1 0.0000000 0.0000
 | 32.1209 32.2755 -32.2755 0.0000000 CCN1CCC2CCCC(CNc3ccc([N+](=O)[O-])cc3)C21 c1ccc(NCC2CCCC3CCNC32)cc1 0.0000000 0.0000
 | 31.4306 33.0948 -33.0948 0.0000000 COc1ccc2nc(-c3cc(=O)[nH]c(=N)[nH]3)cc(C)c2c1 N=c1[nH]c(-c2ccc3ccccc3n2)cc(=O)[nH]1 0.0000000 0.0000
 | 34.4524 34.3950 -34.3950 0.0000000 CCCc1cnn(CC(=O)N2CC(F)C(OC)C2C(=O)NCc2cc(F)cc(F)c2)c1 O=C(NCc1ccccc1)C1CCCN1C(=O)Cn1cccn1 0.0000000 0.0000
 | 20.0902 25.9026 -25.9026 0.0000000 COc1ccc(NC(=O)Nc2cccc(O)c2)cc1 O=C(Nc1ccccc1)Nc1ccccc1 0.0000000 0.0000
 | 32.8932 31.6544 -31.6544 0.0000000 Cc1ccc(S(=O)(=O)c2nc3ccc(NC(=O)c4cccnc4)cc3nc2C)cc1 O=C(Nc1ccc2nc(S(=O)(=O)c3ccccc3)cnc2c1)c1cccnc1 0.0000000 0.0000
 | 44.6533 44.2830 -44.2830 0.0000000 CC(=O)N=c1cc(C=Cc2ccc(Cl)cc2)n(CCOc2ccc3ccccc3c2)cc1CCOC(=O)C1CCCC1 N=c1cc(C=Cc2ccccc2)n(CCOc2ccc3ccccc3c2)cc1CCOC(=O)C1CCCC1 0.0000000 0.0000
 | 27.5505 19.9292 -19.9292 0.0000000 CC(=O)N(C)c1ccc(OC(=O)COc2ccc(Cl)cc2Cl)cc1 O=C(COc1ccccc1)Oc1ccccc1 0.0000000 0.0000
21:10:40 <INFO> sigma: 128, prior_lls: tensor([-23.4677, -25.3701, -18.7859, -41.4905, -19.5786, -26.1864, -39.9765,
        -30.3609, -23.9470, -25.4788])
21:10:41 <INFO> Score: 0.00 Agent NLL: 27.57 Valid: 100% Step: 12
 | Agent Prior Target Score SMILES Scaffold numsp Score numsp Score (raw)
 | 25.4202 23.4677 -23.4677 0.0000000 COc1ccc(OC)c(-c2csc(=NC(=O)Cc3ccc(N)cc3)[nH]2)c1 O=C(Cc1ccccc1)N=c1[nH]c(-c2ccccc2)cs1 0.0000000 0.0000
 | 23.8569 25.3701 -25.3701 0.0000000 CN=c1cc(N)c2ncn(C3OC(CO)C(O)C3O)c2[nH]1 N=c1ccc2ncn(C3CCCO3)c2[nH]1 0.0000000 0.0000
 | 40.5131 18.7859 -18.7859 0.0000000 CC(NC(=O)c1ccc(C2CC2)c(OCF)c1)C(=O)N1CCNc2nc(C(F)(F)F)ccc2C1 O=C(NCC(=O)N1CCNc2ncccc2C1)c1ccc(C2CC2)cc1 0.0000000 0.0000
 | 23.4809 41.4905 -41.4905 0.0000000 O=C(CSc1n[nH]c(=Nc2ccccc2)s1)N=c1ccc(Cl)c[nH]1 O=C(CSc1n[nH]c(=Nc2ccccc2)s1)N=c1cccc[nH]1 0.0000000 0.0000
 | 18.8773 19.5786 -19.5786 0.0000000 C=c1cc(C)[nH]c1=Cc1sc(=O)[nH]c1O C=c1cc[nH]c1=Cc1c[nH]c(=O)s1 0.0000000 0.0000
 | 19.8157 26.1864 -26.1864 0.0000000 OC(CN1CCCCC1)(c1ccccc1)c1ccccc1 c1ccc(C(CN2CCCCC2)c2ccccc2)cc1 0.0000000 0.0000
 | 41.6308 39.9765 -39.9765 0.0000000 N=c1nc(C(=O)NCCCCOc2ccc(O)cc2)c2cc(-c3ccc(N)cc3)sc2[nH]1 N=c1nc(C(=O)NCCCCOc2ccccc2)c2cc(-c3ccccc3)sc2[nH]1 0.0000000 0.0000
 | 25.3899 30.3609 -30.3609 0.0000000 O=C(NCCN1CCOCC1)c1nc[nH]c1C(=O)NCc1ccc(F)cc1 O=C(NCCN1CCOCC1)c1nc[nH]c1C(=O)NCc1ccccc1 0.0000000 0.0000
 | 30.4955 23.9470 -23.9470 0.0000000 CCOC(=O)C1=C(C)N=C(C)C(C(=O)OCC)C1c1ccc(OC)c(S(=O)(=O)Oc2ccc(OC)cc2)c1 O=S(=O)(Oc1ccccc1)c1cccc(C2C=CN=CC2)c1 0.0000000 0.0000
 | 26.2644 25.4788 -25.4788 0.0000000 CCc1cccc(N=c2nc[nH]c3ccc4nc(C(=N)OC)sc4c23)c1 c1ccc(N=c2nc[nH]c3ccc4ncsc4c23)cc1 0.0000000 0.0000
21:10:42 <INFO> sigma: 128, prior_lls: tensor([-37.8528, -22.9643, -33.1964, -24.4304, -24.1066, -22.9428, -26.5896,
        -24.9453, -23.3801, -49.8519])
21:10:42 <INFO> Score: 0.60 Agent NLL: 29.06 Valid: 100% Step: 13
 | Agent Prior Target Score SMILES Scaffold numsp Score numsp Score (raw)
 | 24.7310 37.8528 218.1472 2.0000000 Cc1cc(C)cc(CC(=O)N2CCC2(C)C(=O)NS(=O)(=O)c2cccc(C#N)c2)c1 O=C(NS(=O)(=O)c1ccccc1)C1CCN1C(=O)Cc1ccccc1 2.0000000 2.0000
 | 24.0868 22.9643 -22.9643 0.0000000 Cc1ccc2c(c1)c1c(c(=O)n(-c3ccc(C)c(C)c3)c(=O)n1CC(=O)NC1CCCCC1)n2C O=C(Cn1c(=O)n(-c2ccccc2)c(=O)c2[nH]c3ccccc3c21)NC1CCCCC1 0.0000000 0.0000
 | 37.7848 33.1964 -33.1964 0.0000000 COc1cc(C(=O)NC2CCNCC2)ccc1N=c1nc(OCCN2CCOCC2)c2cc[nH]c2[nH]1 O=C(NC1CCNCC1)c1ccc(N=c2nc(OCCN3CCOCC3)c3cc[nH]c3[nH]2)cc1 0.0000000 0.0000
 | 22.9937 24.4304 -24.4304 0.0000000 CCN(CC)Cc1nc(=O)c2cc(Cl)ccc2[nH]1 O=c1nc[nH]c2ccccc12 0.0000000 0.0000
 | 49.8359 24.1066 487.8934 4.0000000 COc1c(CNc2cc(N)c(C#N)c(COC(=O)c3ccc(F)c(C#N)c3)c2)ccc2c1c1ccccc1n2C O=C(OCc1cccc(NCc2ccc3[nH]c4ccccc4c3c2)c1)c1ccccc1 4.0000000 4.0000
 | 26.4716 22.9428 -22.9428 0.0000000 COc1ccc(-c2nc3cccnn3c2Cc2cccc(Cl)c2)cc1 c1ccc(Cc2c(-c3ccccc3)nc3cccnn23)cc1 0.0000000 0.0000
 | 23.6310 26.5896 -26.5896 0.0000000 CN(CCCCCCCOc1ccc2oc(=O)ccc2c1)Cc1ccccc1 O=c1ccc2cc(OCCCCCCCNCc3ccccc3)ccc2o1 0.0000000 0.0000
 | 23.0064 24.9453 -24.9453 0.0000000 CC(C)(C)NC(=O)C(=O)Nc1ccccc1Br c1ccccc1 0.0000000 0.0000
 | 24.6463 23.3801 -23.3801 0.0000000 CCOc1cn2c(n1)COc1cc(Cl)ccc1-2 c1ccc2c(c1)OCc1nccn1-2 0.0000000 0.0000
 | 33.3830 49.8519 -49.8519 0.0000000 Cc1ccc2c(c1)cc(C=NNC(=S)NC1CCCCC1)n2CC(=O)c1ccccc1 O=C(Cn1c(C=NNC(=S)NC2CCCCC2)cc2ccccc21)c1ccccc1 0.0000000 0.0000
21:10:43 <INFO> sigma: 128, prior_lls: tensor([-21.0689, -23.4087, -40.1995, -23.9865, -47.5714, -28.6236, -35.4029,
        -54.4461, -38.0402, -30.2611])
21:10:44 <INFO> Score: 0.40 Agent NLL: 33.99 Valid:  90% Step: 14
 | Agent Prior Target Score SMILES Scaffold numsp Score numsp Score (raw)
 | 47.3456 21.0689 -21.0689 0.0000000 INVALID0 -- 0.0000000 0.0000
 | 23.2061 23.4087 232.5913 2.0000000 CN1CCN(c2cc(=NC3(C#N)CCCC3)[nH]c(=N)[nH]2)CC1 N=c1[nH]c(N2CCNCC2)cc(=NC2CCCC2)[nH]1 2.0000000 2.0000
 | 28.0552 40.1995 -40.1995 0.0000000 COc1ccccc1N1CCN(CC(O)Cn2c(=N)oc3ccccc32)CC1 N=c1oc2ccccc2n1CCCN1CCN(c2ccccc2)CC1 0.0000000 0.0000
 | 40.0749 23.9865 -23.9865 0.0000000 CC1CCCC(OC(=O)C2(Cc3ccccc3Cl)C3CCCN4CCCC(CN2C(=O)c2ccccc2)C34)C1 O=C(c1ccccc1)N1CC2CCCN3CCCC(C23)C1(Cc1ccccc1)C(=O)OC1CCCCC1 0.0000000 0.0000
 | 37.6062 47.5714 -47.5714 0.0000000 COC(=O)C1=COC(CC(=O)NCCc2c[nH]c3ccccc23)C2CC(c3ccc(F)cc3)CC1N2C O=C(CC1OC=CC2CC(c3ccccc3)CC1N2)NCCc1c[nH]c2ccccc12 0.0000000 0.0000
 | 23.6785 28.6236 227.3764 2.0000000 CC(=O)NC(C)Cc1ccc(C#Cc2ccc(=NC3CCCC3)[nH]c2)cc1 C(#Cc1ccc(=NC2CCCC2)[nH]c1)c1ccccc1 2.0000000 2.0000
 | 34.6446 35.4029 -35.4029 0.0000000 COc1cc(CN=c2[nH]c(=NCc3ccccc3N(C)C)[nH]c(=NCC(O)c3ccccc3)[nH]2)cc(OC)c1 c1ccc(CCN=c2[nH]c(=NCc3ccccc3)[nH]c(=NCc3ccccc3)[nH]2)cc1 0.0000000 0.0000
 | 21.0339 54.4461 -54.4461 0.0000000 CCCn1c(CN2CCN(c3ccccc3OC)CC2)nc2c1c(=O)n(C)c(=O)n2C O=c1[nH]c(=O)c2[nH]c(CN3CCN(c4ccccc4)CC3)nc2[nH]1 0.0000000 0.0000
 | 30.2723 38.0402 -38.0402 0.0000000 FC(C=Cc1ccccc1Cl)c1ccccn1 C(=Cc1ccccc1)Cc1ccccn1 0.0000000 0.0000
 | 53.9725 30.2611 -30.2611 0.0000000 CCc1nn(C)c(=O)cc1NC1c2cc(CNCc3cccnc3)ccc2OCC1(F)F O=c1cc(NC2CCOc3ccc(CNCc4cccnc4)cc32)cn[nH]1 0.0000000 0.0000
21:10:44 <INFO> sigma: 128, prior_lls: tensor([-27.9748, -38.0432, -35.1808, -27.7098, -37.5683, -35.6593, -22.7126,
        -26.2861, -25.3971, -26.6546])
21:10:45 <INFO> Score: 0.20 Agent NLL: 30.20 Valid: 100% Step: 15
 | Agent Prior Target Score SMILES Scaffold numsp Score numsp Score (raw)
 | 34.5807 27.9748 -27.9748 0.0000000 CCC1CCc2c(c(-c3ccc(C)cc3)nn(CC(=O)NC3CCCC3)c2=O)C1 O=C(Cn1nc(-c2ccccc2)c2c(c1=O)CCCC2)NC1CCCC1 0.0000000 0.0000
 | 22.6592 38.0432 -38.0432 0.0000000 Oc1ccc(Br)cc1CNN1CCOCC1 c1ccc(CNN2CCOCC2)cc1 0.0000000 0.0000
 | 27.7695 35.1808 -35.1808 0.0000000 COc1cc(=Nc2ccc(CS(C)(=O)=O)cc2)[nH]cn1 c1ccc(N=c2ccnc[nH]2)cc1 0.0000000 0.0000
 | 35.2554 27.7098 -27.7098 0.0000000 CC(=O)C1C(N2CC2)CC2C3CCC4=CC(=NOc5ccccc5)CCC4C3CCC21C C1=C2CCC3C4CC(N5CC5)CC4CCC3C2CCC1=NOc1ccccc1 0.0000000 0.0000
 | 25.0583 37.5683 -37.5683 0.0000000 CC(c1ccc(OC2CCN(c3ccc(OCC4CC4(F)F)cc3)C2)cc1)N(C)C c1ccc(OC2CCN(c3ccc(OCC4CC4)cc3)C2)cc1 0.0000000 0.0000
 | 26.4246 35.6593 -35.6593 0.0000000 CCS(=O)(=O)c1nc(C(C)(C)C)c2n1CCC2 c1ncn2c1CCC2 0.0000000 0.0000
 | 27.7356 22.7126 -22.7126 0.0000000 CCOc1ccc(CNC(=O)c2cnc(N3CCN(C)CC3)nc2C)cc1OC O=C(NCc1ccccc1)c1cnc(N2CCNCC2)nc1 0.0000000 0.0000
 | 37.4154 26.2861 -26.2861 0.0000000 CC(=O)n1ccc2cc(-c3c(-c4ccccn4)cnn3C)ccc21 c1ccc(-c2cn[nH]c2-c2ccc3[nH]ccc3c2)nc1 0.0000000 0.0000
 | 27.1537 25.3971 -25.3971 0.0000000 O=C(NCCCCCC(O)=NO)c1cc(-c2ccc(F)cc2)ncn1 c1ccc(-c2ccncn2)cc1 0.0000000 0.0000
 | 37.9400 26.6546 229.3454 2.0000000 CC1=CN(C)C(=O)C(=Cc2cc(C#N)c(=S)n(-c3ccc(F)cc3)c2)O1 O=C1NC=COC1=Cc1ccc(=S)n(-c2ccccc2)c1 2.0000000 2.0000
21:10:46 <INFO> sigma: 128, prior_lls: tensor([-26.0567, -32.2639, -21.1087, -27.3139, -38.7654, -23.5819, -28.6952,
        -27.1172, -29.3584, -32.7221])
21:10:47 <INFO> Score: 0.00 Agent NLL: 28.70 Valid: 100% Step: 16
 | Agent Prior Target Score SMILES Scaffold numsp Score numsp Score (raw)
 | 38.6730 26.0567 -26.0567 0.0000000 CS(=O)(=O)N1CCC(c2cc(N3CCCC(C(F)(F)F)C3)cc(-c3cnccn3)n2)CC1 c1cnc(-c2cc(N3CCCCC3)cc(C3CCNCC3)n2)cn1 0.0000000 0.0000
 | 27.0730 32.2639 -32.2639 0.0000000 O=C1NC(=NCCN2CCOCC2)S(=O)(=O)C1=Cc1ccc(O)cc1 O=C1NC(=NCCN2CCOCC2)S(=O)(=O)C1=Cc1ccccc1 0.0000000 0.0000
 | 29.4584 21.1087 -21.1087 0.0000000 CC1(C)Cc2[nH]c3ccccc3c2C(c2cccnc2)N1 c1cncc(C2NCCc3[nH]c4ccccc4c32)c1 0.0000000 0.0000
 | 21.1162 27.3139 -27.3139 0.0000000 COc1ccc(OC)c(NC(=O)CCCN)c1 c1ccccc1 0.0000000 0.0000
 | 32.6227 38.7654 -38.7654 0.0000000 COC(=O)C=Cc1cc2c(s1)C(O)CCC2=O O=C1CCCc2sccc21 0.0000000 0.0000
 | 32.2563 23.5819 -23.5819 0.0000000 Cn1c([N+](=O)[O-])c(CSc2nc3cc(Br)ccc3[nH]2)c2ccccc21 c1ccc2[nH]c(SCc3c[nH]c4ccccc34)nc2c1 0.0000000 0.0000
 | 27.4327 28.6952 -28.6952 0.0000000 Cc1cc(NS(=O)(=O)c2ccc(Br)cc2)c(C(N)=O)cc1C O=S(=O)(Nc1ccccc1)c1ccccc1 0.0000000 0.0000
 | 28.5233 27.1172 -27.1172 0.0000000 NC(CC(=O)N1CCCC1c1nc(-c2ccc(F)c(C(F)(F)F)c2)c[nH]1)Cc1cc(F)c(F)cc1F O=C(CCCc1ccccc1)N1CCCC1c1nc(-c2ccccc2)c[nH]1 0.0000000 0.0000
 | 26.1181 29.3584 -29.3584 0.0000000 CC(=O)N1N=C(c2sccc2C)OC1c1ccc(F)cc1 c1ccc(C2NN=C(c3cccs3)O2)cc1 0.0000000 0.0000
 | 23.6857 32.7221 -32.7221 0.0000000 CN(Cc1ccc(F)cc1)S(=O)(=O)c1ccc(-n2cnnn2)cc1 O=S(=O)(NCc1ccccc1)c1ccc(-n2cnnn2)cc1 0.0000000 0.0000
21:10:48 <INFO> sigma: 128, prior_lls: tensor([-29.7650, -38.2501, -27.8339, -31.8520, -23.9847, -46.5438, -28.1427,
        -26.8566, -43.3300, -22.2483])
21:10:49 <INFO> Score: 0.60 Agent NLL: 31.92 Valid: 100% Step: 17
 | Agent Prior Target Score SMILES Scaffold numsp Score numsp Score (raw)
 | 38.2395 29.7650 -29.7650 0.0000000 c1ccc(CCCCN2C3CCCC2OC(COCC2CC2)C3)cc1 c1ccc(CCCCN2C3CCCC2OC(COCC2CC2)C3)cc1 0.0000000 0.0000
 | 43.5037 38.2501 -38.2501 0.0000000 O=C(O)C(C(=C1Cc2ccccc2S(=O)(=O)C1)c1cccc(Cl)c1)c1cccnc1 O=S1(=O)CC(=C(Cc2cccnc2)c2ccccc2)Cc2ccccc21 0.0000000 0.0000
 | 26.2598 27.8339 740.1661 6.0000000 N#CC(C#N)C(C#N)c1cc(C(F)(F)F)cc(C(F)(F)F)c1 c1ccccc1 6.0000000 6.0000
 | 22.4150 31.8520 -31.8520 0.0000000 O=C(CSc1ccccc1C(=O)O)Nc1ccc2c(c1)OCCO2 O=C(CSc1ccccc1)Nc1ccc2c(c1)OCCO2 0.0000000 0.0000
 | 46.6792 23.9847 -23.9847 0.0000000 CC(C)(C)c1ccc2c(c1)CCN(C1CCN(C(=O)NCc3ccc(-c4ccc(=O)n5ccccc45)cc3)CC1)C2=O O=C(NCc1ccc(-c2ccc(=O)n3ccccc23)cc1)N1CCC(N2CCc3ccccc3C2=O)CC1 0.0000000 0.0000
 | 24.3650 46.5438 -46.5438 0.0000000 O=c1[nH]c2cc(Br)ccc2n2c(C3CCCCC3)nnc12 O=c1[nH]c2ccccc2n2c(C3CCCCC3)nnc12 0.0000000 0.0000
 | 28.1114 28.1427 -28.1427 0.0000000 CC1CN(C(C)CO)C(=O)c2cccc(N(C)C)c2OC1CN(C)C(=O)Nc1ccc2c(c1)OC(F)(F)O2 O=C(NCC1CCNC(=O)c2ccccc2O1)Nc1ccc2c(c1)OCO2 0.0000000 0.0000
 | 29.6117 26.8566 -26.8566 0.0000000 COc1cc(NC(=O)C(C)Br)ccc1-c1nc2ccccc2o1 c1ccc(-c2nc3ccccc3o2)cc1 0.0000000 0.0000
 | 31.8094 43.3300 -43.3300 0.0000000 O=C(NCCCCN1CCC(N(Cc2ccccc2)c2ccc(F)cc2)CC1)c1ccc(F)c(F)c1 O=C(NCCCCN1CCC(N(Cc2ccccc2)c2ccccc2)CC1)c1ccccc1 0.0000000 0.0000
 | 28.2177 22.2483 -22.2483 0.0000000 O=C(CCc1ccccc1)NC1CSc2cc3ccccc3n2C1=O O=C(CCc1ccccc1)NC1CSc2cc3ccccc3n2C1=O 0.0000000 0.0000
21:10:49 <INFO> sigma: 128, prior_lls: tensor([-23.8775, -23.5503, -23.5327, -33.6708, -34.2178, -33.4907, -26.6151,
        -29.5395, -35.8929, -36.4518])
21:10:50 <INFO> Score: 0.20 Agent NLL: 30.08 Valid: 100% Step: 18
 | Agent Prior Target Score SMILES Scaffold numsp Score numsp Score (raw)
 | 34.4043 23.8775 -23.8775 0.0000000 CN(C)Cc1cc2cnc(-n3cnc(C(=O)O)c3)cc2n1C c1cn(-c2cc3[nH]ccc3cn2)cn1 0.0000000 0.0000
 | 35.9001 23.5503 -23.5503 0.0000000 CCCC(Cc1ccccc1)N(C(=O)NC(=O)c1ccccc1Cl)S(=O)(=O)c1ccc(C)cc1 O=C(NC(=O)N(CCc1ccccc1)S(=O)(=O)c1ccccc1)c1ccccc1 0.0000000 0.0000
 | 36.2852 23.5327 -23.5327 0.0000000 COc1ccc(CCCNCc2cnc(N(C)Cc3ccccc3)o2)cc1 c1ccc(CCCNCc2cnc(NCc3ccccc3)o2)cc1 0.0000000 0.0000
 | 28.9305 33.6708 -33.6708 0.0000000 CC(Cc1ccsc1)N1CCC(C(=O)c2ccccc2)CC1 O=C(c1ccccc1)C1CCN(CCc2ccsc2)CC1 0.0000000 0.0000
 | 33.8916 34.2178 -34.2178 0.0000000 CCCCC(CC(CCc1ccc(OCCCOc2ccccc2Cl)c(OC)c1)C(=O)O)C(=O)O c1ccc(OCCCOc2ccccc2)cc1 0.0000000 0.0000
 | 23.6323 33.4907 -33.4907 0.0000000 Cc1ccc(C(=O)NN=Cc2ccc(O)cc2O)cc1C O=C(NN=Cc1ccccc1)c1ccccc1 0.0000000 0.0000
 | 33.6433 26.6151 229.3849 2.0000000 CNC(=O)c1ccc2c(c1)C(=NOCCCC#N)c1ccc(Nc3c(F)cccc3Cl)cc1CC2 N=C1c2ccccc2CCc2cc(Nc3ccccc3)ccc21 2.0000000 2.0000
 | 23.8280 29.5395 -29.5395 0.0000000 O=C(Nc1ccc(S(=O)(=O)N2CCCCC2)cc1)c1cc(-c2ccncc2)nc2ccccc12 O=C(Nc1ccc(S(=O)(=O)N2CCCCC2)cc1)c1cc(-c2ccncc2)nc2ccccc12 0.0000000 0.0000
 | 23.7965 35.8929 -35.8929 0.0000000 CCn1nnc(Cc2ccccc2O)n1 c1ccc(Cc2nn[nH]n2)cc1 0.0000000 0.0000
 | 26.4587 36.4518 -36.4518 0.0000000 COc1cccc(CN2CCN(Cc3ccc(C=Cc4ccccc4)cc3)CC2CCO)c1 C(=Cc1ccc(CN2CCN(Cc3ccccc3)CC2)cc1)c1ccccc1 0.0000000 0.0000
21:10:51 <INFO> sigma: 128, prior_lls: tensor([-26.4882, -21.9868, -39.0784, -21.4530, -25.3231, -22.4756, -20.1594,
        -43.0858, -31.3285, -32.3750])
21:10:52 <INFO> Score: 0.00 Agent NLL: 28.36 Valid: 100% Step: 19
 | Agent Prior Target Score SMILES Scaffold numsp Score numsp Score (raw)
 | 21.9109 26.4882 -26.4882 0.0000000 CCCCCCCCCCC(N)C(=O)OC  0.0000000 0.0000
 | 31.2211 21.9868 -21.9868 0.0000000 CCCCC(=N)NCCCCC(NC(=O)C1CCCN1)C(=O)O C1CCNC1 0.0000000 0.0000
 | 26.6001 39.0784 -39.0784 0.0000000 N=c1sc2c(n1CC(O)c1ccsc1)CCC2 N=c1sc2c(n1CCc1ccsc1)CCC2 0.0000000 0.0000
 | 21.5951 21.4530 -21.4530 0.0000000 COc1ccc(OC)c(-c2cc3ccccc3[nH]2)c1 c1ccc(-c2cc3ccccc3[nH]2)cc1 0.0000000 0.0000
 | 39.3067 25.3231 -25.3231 0.0000000 O=C1Sc2cc(Br)ccc2N=C(c2cccc(O)c2)CC1c1c[nH]c2cccc(Cl)c12 O=C1Sc2ccccc2N=C(c2ccccc2)CC1c1c[nH]c2ccccc12 0.0000000 0.0000
 | 20.0058 22.4756 -22.4756 0.0000000 CN(C)CCCN1C(=O)c2ccccc2NC1c1cccs1 O=C1NC(c2cccs2)Nc2ccccc21 0.0000000 0.0000
 | 42.5463 20.1594 -20.1594 0.0000000 COc1ccc(CCOC2OC(C)C(OC3OC(CO)C(OC(C)C)C(OCc4ccc5ccccc5c4)C3O)C(O)C2O)cc1 c1ccc(CCOC2CCC(OC3CC(OCc4ccc5ccccc5c4)CCO3)CO2)cc1 0.0000000 0.0000
 | 32.4267 43.0858 -43.0858 0.0000000 CCCC(=O)N=c1o[nH]c(-c2ccc(CC)s2)c1-c1ccccc1 N=c1o[nH]c(-c2cccs2)c1-c1ccccc1 0.0000000 0.0000
 | 25.3557 31.3285 -31.3285 0.0000000 COc1ccc(-n2nc(-c3ccccc3)c(C(=O)O)c2C)cc1 c1ccc(-c2ccn(-c3ccccc3)n2)cc1 0.0000000 0.0000
 | 22.5974 32.3750 -32.3750 0.0000000 CCOc1ccccc1C(=O)N1CCN(c2ccncc2)CC1 O=C(c1ccccc1)N1CCN(c2ccncc2)CC1 0.0000000 0.0000
21:10:52 <INFO> sigma: 128, prior_lls: tensor([-29.7783, -34.1473, -25.7146, -38.3724, -52.8740, -33.2684, -18.9029,
        -19.9562, -24.1259, -29.0784])
21:10:53 <INFO> Score: 0.00 Agent NLL: 30.59 Valid: 100% Step: 20
 | Agent Prior Target Score SMILES Scaffold numsp Score numsp Score (raw)
 | 52.4463 29.7783 -29.7783 0.0000000 CC(CCc1ccc(COCCCCCCCCCCC(=O)OCCCCCOC(=O)c2cc(O)c(O)c(O)c2)cc1)OCCCl O=C(CCCCCCCCCCOCc1ccccc1)OCCCCCOC(=O)c1ccccc1 0.0000000 0.0000
 | 37.9345 34.1473 -34.1473 0.0000000 CN(C)C(=O)CCc1cc2c(c(C3CC3)c1)S(=O)(=O)N(CC(C)(C)C)C2 O=S1(=O)NCc2cccc(C3CC3)c21 0.0000000 0.0000
 | 23.7571 25.7146 -25.7146 0.0000000 NC(=O)NCCNC(=O)c1cc(Cl)cc(Cl)c1 c1ccccc1 0.0000000 0.0000
 | 33.8387 38.3724 -38.3724 0.0000000 C=CCOc1cc(C(=O)OC)nn1-c1ccccc1NS(=O)(=O)c1ccccc1 O=S(=O)(Nc1ccccc1-n1cccn1)c1ccccc1 0.0000000 0.0000
 | 33.3691 52.8740 -52.8740 0.0000000 CCCCOc1ccn2c(C(=O)OCC)c(C(=O)Nc3ccccc3)cc2c1 O=C(Nc1ccccc1)c1cc2ccccn2c1 0.0000000 0.0000
 | 26.1516 33.2684 -33.2684 0.0000000 COc1ccc(NCc2nnc3ccc(-c4cccc(C)c4)nn23)cc1 c1ccc(NCc2nnc3ccc(-c4ccccc4)nn23)cc1 0.0000000 0.0000
 | 29.3037 18.9029 -18.9029 0.0000000 CCOc1cc2ncnc(N3CCC(N=c4[nH]cc(C(F)(F)F)cc4Cl)C3)c2cc1OCC c1ccc(=NC2CCN(c3ncnc4ccccc34)C2)[nH]c1 0.0000000 0.0000
 | 19.1246 19.9562 -19.9562 0.0000000 CNc1ccccc1C(=O)O c1ccccc1 0.0000000 0.0000
 | 20.1529 24.1259 -24.1259 0.0000000 O=c1[nH]ncc2c1ncn2C1CC(O)C(CO)O1 O=c1[nH]ncc2c1ncn2C1CCCO1 0.0000000 0.0000
 | 29.8124 29.0784 -29.0784 0.0000000 O=c1c(Cl)c(Cl)sn1-c1cccc(N2CCNCC2)n1 O=c1ccsn1-c1cccc(N2CCNCC2)n1 0.0000000 0.0000
21:10:53 <INFO> terminated: True
21:10:53 <WARN> Maximum number of steps of 20 reached in stage 1. Terminating all stages.
21:10:53 <INFO> Finished stage 1 >>>
21:10:53 <INFO> remaining packages: [WorkPackage(scoring_function=<reinvent.scoring.scorer.Scorer object at 0x2918ac070>, learning_strategy=<reinvent.runmodes.RL.reward.RLReward object at 0x291850f10>, max_steps=20, terminator=<reinvent.runmodes.RL.terminators.SimpleTerminator object at 0x29beb27a0>, out_state_filename='test1.chkpt')]
21:10:53 <INFO> bext_packages scoring: molecularweight
21:10:53 <INFO> current package: WorkPackage(scoring_function=<reinvent.scoring.scorer.Scorer object at 0x2918ac070>, learning_strategy=<reinvent.runmodes.RL.reward.RLReward object at 0x291850f10>, max_steps=20, terminator=<reinvent.runmodes.RL.terminators.SimpleTerminator object at 0x29beb27a0>, out_state_filename='test1.chkpt')
21:10:53 <INFO> Writing tabular data for stage to staged_learning_2.csv
21:10:53 <INFO> Starting stage 2 <<<
21:10:54 <INFO> sigma: 128, prior_lls: tensor([-21.9231, -19.7795, -18.3785, -21.1979, -24.8437, -34.6822, -27.6350,
        -25.9519, -30.5596, -25.5369])
21:10:54 <INFO> Score: 0.96 Agent NLL: 25.23 Valid: 100% Step: 1
 | Agent Prior Target Score SMILES Scaffold Molecular weight Molecular weight (raw) Unwanted SMARTS Unwanted SMARTS (raw)
 | 26.5478 21.9231 106.0763 0.9999949 O=C(N=c1[nH]nc(-c2cc(Cl)c(O)cc2O)o1)c1ccccn1 O=C(N=c1[nH]nc(-c2ccccc2)o1)c1ccccn1 0.9999949 332.7030 1.0000000 1.0000
 | 20.9933 19.7795 108.2190 0.9999884 OCC1(c2ccccc2)CC1CN1CCN(c2ccccn2)CC1 c1ccc(C2CC2CN2CCN(c3ccccn3)CC2)cc1 0.9999884 323.4400 1.0000000 1.0000
 | 34.7179 18.3785 109.1781 0.9965360 COc1ccc(-c2cc(C(=O)Nc3cccc4c3CCCC4)nc3ccccc23)c(OC)c1 O=C(Nc1cccc2c1CCCC2)c1cc(-c2ccccc2)c2ccccc2n1 0.9965360 438.5270 1.0000000 1.0000
 | 30.7690 21.1979 106.5699 0.9981861 CCOC(=O)CCCOc1ccc2cc(OCC(=O)NC(C(=O)O)C(C)C)ccc2c1 c1ccc2ccccc2c1 0.9981861 431.4850 0.0000000 0.0000
 | 25.0627 24.8437 92.8349 0.9193643 COc1ccc(-c2csc(=NC(=O)c3ccc(C)c(S(=O)(=O)N4CCOCC4)c3)[nH]2)cc1 O=C(N=c1[nH]c(-c2ccccc2)cs1)c1cccc(S(=O)(=O)N2CCOCC2)c1 0.9193643 473.5760 1.0000000 1.0000
 | 27.7251 34.6822 52.9202 0.6843935 CSc1cccc(NC(=O)CCc2nnc3ccc(N4CCN(c5ccccc5F)CC4)nn23)c1 O=C(CCc1nnc2ccc(N3CCN(c4ccccc4)CC3)nn12)Nc1ccccc1 0.6843935 491.5960 1.0000000 1.0000
 | 22.1274 27.6350 100.3631 0.9999851 O=C1CC(=NCCN2CCOCC2)CC(c2ccc(Br)cc2)C1 O=C1CC(=NCCN2CCOCC2)CC(c2ccccc2)C1 0.9999851 379.2980 1.0000000 1.0000
 | 19.9160 25.9519 102.0471 0.9999917 O=C(Nc1ccc(F)cc1)c1ccc(SCc2ccccc2Cl)nc1 O=C(Nc1ccccc1)c1ccc(SCc2ccccc2)nc1 0.9999917 372.8520 1.0000000 1.0000
 | 25.6954 30.5596 97.4402 0.9999980 Cc1[nH]c(C)c(C(=O)N2CCN(c3ccccc3Cl)CC2)c1Cl O=C(c1cc[nH]c1)N1CCN(c2ccccc2)CC1 0.9999980 352.2650 1.0000000 1.0000
 | 18.7563 25.5369 101.5579 0.9929284 Oc1cc(C(O)O)cn1Cc1ccc(Cl)cc1 c1ccc(Cn2cccc2)cc1 0.9929284 253.6850 0.0000000 0.0000
21:10:55 <INFO> sigma: 128, prior_lls: tensor([-32.5276, -35.1446, -29.6623, -28.3492, -32.3574, -30.3016, -25.5858,
        -25.6840, -31.1762, -43.4187])
21:10:56 <INFO> Score: 0.90 Agent NLL: 31.52 Valid: 100% Step: 2
 | Agent Prior Target Score SMILES Scaffold Molecular weight Molecular weight (raw) Unwanted SMARTS Unwanted SMARTS (raw)
 | 30.4409 32.5276 95.4719 0.9999962 Cc1nc(=NCC(c2ccco2)N(C)C)c2oc3ccccc3c2[nH]1 c1coc(CCN=c2nc[nH]c3c2oc2ccccc23)c1 0.9999962 336.3950 1.0000000 1.0000
 | 35.3115 35.1446 92.8168 0.9996988 CC(C)CN1CCC2(CCc3ccc(OC(=O)c4ccccc4Cl)cc3C2)CC1 O=C(Oc1ccc2c(c1)CC1(CCNCC1)CC2)c1ccccc1 0.9996988 411.9730 0.0000000 0.0000
 | 32.3766 29.6623 98.3363 0.9999893 CCCSc1ncc(C(N)(C(F)(F)F)C(F)(F)F)s1 c1cscn1 0.9999893 324.3150 1.0000000 1.0000
 | 32.3534 28.3492 99.6450 0.9999546 O=C1N(CC(O)CCC(F)(F)F)CCCC1(c1ccccc1)c1ccccc1 O=C1NCCCC1(c1ccccc1)c1ccccc1 0.9999546 391.4330 1.0000000 1.0000
 | 43.6653 32.3574 95.1077 0.9958207 CCN(CC)c1ccc(-c2csc(=NCc3cc(N4CCOCC4)nc(=O)[nH]3)[nH]2)cc1 O=c1nc(N2CCOCC2)cc(CN=c2[nH]c(-c3ccccc3)cs2)[nH]1 0.9958207 440.5730 1.0000000 1.0000
 | 29.7001 30.3016 97.6926 0.9999546 COc1ncc(-c2cc(-c3ccc(C(=O)N4CC(OC)C4)cc3)c[nH]c2=N)cn1 N=c1[nH]cc(-c2ccc(C(=O)N3CCC3)cc2)cc1-c1cncnc1 0.9999546 391.4310 1.0000000 1.0000
 | 25.6867 25.5858 102.4135 0.9999943 CC1CN(Cc2cccc(C=NNC(=O)c3ccncc3)c2O)CC(C)O1 O=C(NN=Cc1cccc(CN2CCOCC2)c1)c1ccncc1 0.9999943 368.4370 0.0000000 0.0000
 | 28.5053 25.6840 -24.2493 0.0112084 CCC1(Cc2ccccc2)c2ccccc2C(=O)N(C(=O)NCc2ccc(C)cc2)C1Oc1ccc(C(=O)O)cc1 O=C(NCc1ccccc1)N1C(=O)c2ccccc2C(Cc2ccccc2)C1Oc1ccccc1 0.0112084 548.6390 0.0000000 0.0000
 | 31.4300 31.1762 96.8235 0.9999980 CCn1nncc1N=c1cc(Oc2ccc(C)c(C)c2)n2nccc2[nH]1 c1ccc(Oc2cc(=Nc3cnn[nH]3)[nH]c3ccnn23)cc1 0.9999980 349.3980 1.0000000 1.0000
 | 25.7480 43.4187 84.5755 0.9999546 CC(O)C1C(=O)N2C(C(=O)O)=C(c3cnc4c(c3)c3ccccc3n4C)C(C)C12 O=C1CC2CC(c3cnc4[nH]c5ccccc5c4c3)=CN12 0.9999546 391.4270 0.0000000 0.0000
21:10:57 <INFO> sigma: 128, prior_lls: tensor([-26.6406, -30.5759, -44.8214, -55.9053, -21.1161, -28.7600, -33.5085,
        -22.8496, -26.8609, -40.6716])
21:10:58 <INFO> Score: 0.90 Agent NLL: 33.25 Valid: 100% Step: 3
 | Agent Prior Target Score SMILES Scaffold Molecular weight Molecular weight (raw) Unwanted SMARTS Unwanted SMARTS (raw)
 | 40.9511 26.6406 101.0489 0.9975744 CN(C)C=C1CC23CCCC2C(=O)CCC3(O)C1O C=C1CC2CCC(=O)C3CCCC23C1 0.9975744 265.3530 1.0000000 1.0000
 | 30.6003 30.5759 97.4239 0.9999980 OCC(N=c1[nH]cnc2oc(-c3cccnc3)cc12)c1cccc(F)c1 c1ccc(CN=c2[nH]cnc3oc(-c4cccnc4)cc23)cc1 0.9999980 350.3530 1.0000000 1.0000
 | 56.0233 44.8214 -44.7580 0.0004956 COC(=O)C1NCC(O)C1Oc1nn(-c2ccc(C3=CCOCC3)cc2)c2c1c(=O)n(C)c1cc(-c3cn[nH]c3)ccc21 O=c1[nH]c2cc(-c3cn[nH]c3)ccc2c2c1c(OC1CCNC1)nn2-c1ccc(C2=CCOCC2)cc1 0.0004956 582.6170 0.0000000 0.0000
 | 27.1299 55.9053 72.0736 0.9998351 COc1ccc([N+](=O)[O-])cc1NC(=O)C[S+]([O-])CC(=O)Nc1ccc(C)cc1 O=C(C[SH+]CC(=O)Nc1ccccc1)Nc1ccccc1 0.9998351 405.4320 1.0000000 1.0000
 | 44.5990 21.1161 106.2529 0.9950699 OC(CC(O)(Cc1nc2ccccc2n1CC1CCC1)C(F)(F)F)C(F)(F)C(F)F c1ccc2c(c1)ncn2CC1CCC1 0.9950699 442.3750 1.0000000 1.0000
 | 28.3375 28.7600 99.2384 0.9999873 CC(C)N1CCC(C(=O)NCCNC(=O)c2cc(C(C)(C)C)nn2C)CC1 O=C(NCCNC(=O)C1CCNCC1)c1ccn[nH]1 0.9999873 377.5330 1.0000000 1.0000
 | 21.2995 33.5085 94.4912 0.9999980 O=c1c(Nc2ccccc2)c(Nc2ccc(OC(F)(F)F)cc2)c1=O O=c1c(Nc2ccccc2)c(Nc2ccccc2)c1=O 0.9999980 348.2800 1.0000000 1.0000
 | 22.9889 22.8496 101.5343 0.9717490 CCCCCC(=O)N(c1ccc(N=c2c3ccccc3[nH]c3ccccc23)cc1)S(C)(=O)=O c1ccc(N=c2c3ccccc3[nH]c3ccccc23)cc1 0.9717490 461.5870 1.0000000 1.0000
 | 26.9441 26.8609 101.1369 0.9999831 OCc1cccc(-c2cncc(-c3ccc4c(c3)OCCO4)c2)c1 c1ccc(-c2cncc(-c3ccc4c(c3)OCCO4)c2)cc1 0.9999831 319.3600 1.0000000 1.0000
 | 33.5817 40.6716 87.3279 0.9999956 NC1CN(C(=O)c2ccco2)CC1(CCC1CCCCC1)C(=O)O O=C(c1ccco1)N1CCC(CCC2CCCCC2)C1 0.9999956 334.4160 0.0000000 0.0000
21:10:59 <INFO> sigma: 128, prior_lls: tensor([-31.7214, -37.9435, -44.3840, -29.4893, -21.0910, -27.6062, -23.1892,
        -32.3462, -27.2508, -23.6332])
21:10:59 <INFO> Score: 0.78 Agent NLL: 29.68 Valid: 100% Step: 4
 | Agent Prior Target Score SMILES Scaffold Molecular weight Molecular weight (raw) Unwanted SMARTS Unwanted SMARTS (raw)
 | 26.5381 31.7214 60.5730 0.7210504 O=C(N=c1[nH]c(-c2ccccn2)cs1)NC1CCCCC1CN1CCC(Cc2ccccc2)CC1 O=C(N=c1[nH]c(-c2ccccn2)cs1)NC1CCCCC1CN1CCC(Cc2ccccc2)CC1 0.7210504 489.6890 1.0000000 1.0000
 | 43.9550 37.9435 90.0562 0.9999977 N=C(N)N=Nc1c(O)c2ccc(C(=O)NC(N)=O)c(O)c2n2cccc12 c1ccc2c(c1)ccc1cccn12 0.9999977 355.3140 1.0000000 1.0000
 | 27.4059 44.3840 -44.3257 0.0004555 COCC(CSCC(N)C(=O)O)N1C(=O)C(C)(CC(=O)O)CC(c2cccc(Cl)c2)C1c1ccc(Cl)cc1 O=C1CCC(c2ccccc2)C(c2ccccc2)N1 0.0004555 583.5340 0.0000000 0.0000
 | 31.7284 29.4893 93.1451 0.9580818 CC1CCc2ccccc2N1C(=O)C1CCCC1C(=O)N1CCN(c2cccc(Cl)c2)CC1 O=C(C1CCCC1C(=O)N1CCCc2ccccc21)N1CCN(c2ccccc2)CC1 0.9580818 466.0250 1.0000000 1.0000
 | 37.3892 21.0910 106.9084 0.9999952 CCCOc1ccc(-c2ccc(NC(=O)c3ccccc3)cc2F)[nH]c1=O O=C(Nc1ccc(-c2cccc(=O)[nH]2)cc1)c1ccccc1 0.9999952 366.3920 1.0000000 1.0000
 | 23.2447 27.6062 86.9129 0.8946807 NC(N)NC1OC(CO)C(O)C(O)C1O C1CCOCC1 0.8946807 223.2290 0.0000000 0.0000
 | 20.9370 23.1892 104.8042 0.9999484 CSc1nc2cc(Cl)c(Cl)cc2n1COCCO c1ccc2[nH]cnc2c1 0.9999484 307.2020 1.0000000 1.0000
 | 32.7130 32.3462 -5.9264 0.2064045 COC(=O)c1ccc(CCN2CC=CC(c3ccc(OC)cc3)N(Cc3ccc(OC)cc3)C(=O)C2)cc1 O=C1CN(CCc2ccccc2)CC=CC(c2ccccc2)N1Cc1ccccc1 0.2064045 514.6220 0.0000000 0.0000
 | 29.7532 27.2508 100.7414 0.9999385 O=C(c1cc2cc(O)ccc2[nH]1)c1cc2ccccc2c(=O)o1 O=C(c1cc2ccccc2[nH]1)c1cc2ccccc2c(=O)o1 0.9999385 305.2890 1.0000000 1.0000
 | 23.1488 23.6332 104.1719 0.9984767 O=C(CCCc1ccccc1)NCCS(=O)(=O)N1CCN(Cc2ccccc2)CC1 O=C(CCCc1ccccc1)NCCS(=O)(=O)N1CCN(Cc2ccccc2)CC1 0.9984767 429.5860 1.0000000 1.0000
21:11:00 <INFO> sigma: 128, prior_lls: tensor([-42.7820, -22.4995, -34.5828, -36.0578, -19.4704, -37.9799, -28.0540,
        -41.1662, -38.4993, -20.1325])
21:11:01 <INFO> Score: 0.69 Agent NLL: 32.06 Valid:  90% Step: 5
 | Agent Prior Target Score SMILES Scaffold Molecular weight Molecular weight (raw) Unwanted SMARTS Unwanted SMARTS (raw)
 | 42.7412 42.7820 85.1815 0.9997150 CC(C[N+](=O)[O-])C(=O)Nc1cccc(-c2c3c(nc4[nH]c(=O)[nH]c(=O)c24)CCO3)c1 O=c1[nH]c(=O)c2c(-c3ccccc3)c3c(nc2[nH]1)CCO3 0.9997150 411.3740 1.0000000 1.0000
 | 34.6627 22.4995 -21.8345 0.0051954 O=C(CSc1nc(-c2ccco2)cc(-c2ccco2)c1Cl)Nc1cccc(S(=O)(=O)N=C2CCCN2)c1 O=C(CSc1cc(-c2ccco2)cc(-c2ccco2)n1)Nc1cccc(S(=O)(=O)N=C2CCCN2)c1 0.0051954 557.0530 1.0000000 1.0000
 | 19.3967 34.5828 74.9550 0.8557639 NCCN1CCN(Cc2ccccc2)CC1 c1ccc(CN2CCNCC2)cc1 0.8557639 219.3320 1.0000000 1.0000
 | 40.8414 36.0578 -36.0287 0.0002267 O=C(Cc1ccc(SCc2nnc(-c3ccc(Cl)cc3)o2)c(S(=O)(=O)c2ccccc2)c1)OCc1ccccc1 O=C(Cc1ccc(SCc2nnc(-c3ccccc3)o2)c(S(=O)(=O)c2ccccc2)c1)OCc1ccccc1 0.0002267 591.1100 0.0000000 0.0000
 | 22.6196 19.4704 108.4928 0.9997123 COc1ccc(N2CCN(C(=O)C3CCC(=O)N3Cc3ccc(F)cc3)CC2)cc1 O=C(C1CCC(=O)N1Cc1ccccc1)N1CCN(c2ccccc2)CC1 0.9997123 411.4770 1.0000000 1.0000
 | 38.1085 37.9799 89.9609 0.9995376 CC1CC2C3CCC4CC(O)CCC4(C)C3CCC2(C)C1=CN=c1[nH]c(O)cs1 C(N=c1[nH]ccs1)=C1CCC2C1CCC1C3CCCCC3CCC21 0.9995376 416.6310 1.0000000 1.0000
 | 36.3857 28.0540 -28.0540 0.0000000 INVALID6 -- 0.0000000 0.0000 0.0000000 0.0000
 | 37.5271 41.1662 86.6862 0.9988467 CCCNC(=O)Nc1ccc(-c2ccc(CN(C(=O)C(C)N)C(CC)CO)cc2)cc1 c1ccc(-c2ccccc2)cc1 0.9988467 426.5610 1.0000000 1.0000
 | 27.8562 38.4993 89.4150 0.9993301 CCc1ccc(-c2c(-c3ccco3)nc(=N)[nH]c2C)cc1 N=c1nc(-c2ccco2)c(-c2ccccc2)c[nH]1 0.9993301 279.3430 1.0000000 1.0000
 | 20.4552 20.1325 107.8670 0.9999962 COc1ccc(Oc2nc(C)ccc2C(=NO)NCc2ccccc2)cc1 N=C(NCc1ccccc1)c1cccnc1Oc1ccccc1 0.9999962 363.4170 1.0000000 1.0000
21:11:01 <INFO> sigma: 128, prior_lls: tensor([-25.2385, -31.3232, -28.7486, -31.9494, -26.6716, -23.2017, -21.3448,
        -29.3835, -26.3316, -36.2464])
21:11:02 <INFO> Score: 0.96 Agent NLL: 27.89 Valid: 100% Step: 6
 | Agent Prior Target Score SMILES Scaffold Molecular weight Molecular weight (raw) Unwanted SMARTS Unwanted SMARTS (raw)
 | 28.6108 25.2385 98.6852 0.9681533 OC1CN(CC(O)(Cn2cncn2)c2ccc(F)cc2F)CCC1Cc1cccc(Cl)c1 c1ccc(CC2CCN(CC(Cn3cncn3)c3ccccc3)CC2)cc1 0.9681533 462.9280 1.0000000 1.0000
 | 35.9205 31.3232 96.6763 0.9999964 COc1cccc(Cl)c1CN1CCC(CCC(=O)NC2CC2)C1 O=C(CCC1CCN(Cc2ccccc2)C1)NC1CC1 0.9999964 336.8630 1.0000000 1.0000
 | 24.7839 28.7486 99.2508 0.9999956 CCc1ccc(NC(=O)C2CCN(c3cc(C#N)ccn3)CC2)cc1 O=C(Nc1ccccc1)C1CCN(c2ccccn2)CC1 0.9999956 334.4230 1.0000000 1.0000
 | 28.9622 31.9494 85.8647 0.9204230 FC(F)(F)c1ccc(-c2cc(-c3nc(C4CC4)[nH]c3-c3ccc(C(F)(F)F)cc3)ccn2)cc1 c1ccc(-c2cc(-c3nc(C4CC4)[nH]c3-c3ccccc3)ccn2)cc1 0.9204230 473.4200 1.0000000 1.0000
 | 31.6387 26.6716 65.6466 0.7212357 CC(C)C1C(=O)C(C)(C)C2CN(C)CN12 O=C1CC2CNCN2C1 0.7212357 210.3210 0.0000000 0.0000
 | 21.3850 23.2017 104.7860 0.9999033 O=C(NCCCCCC(O)=NO)c1ccc2ccccc2c1 c1ccc2ccccc2c1 0.9999033 300.3580 1.0000000 1.0000
 | 26.4388 21.3448 106.6548 0.9999968 O=C(O)c1ccc(-c2ccc(NC(=O)c3ccccc3C(=O)O)cc2)cc1 O=C(Nc1ccc(-c2ccccc2)cc1)c1ccccc1 0.9999968 361.3530 0.0000000 0.0000
 | 26.6658 29.3835 98.6121 0.9999655 CC(C)(C)S(=O)(=O)CC(O)CS(=O)(=O)c1cccc(C(F)(F)F)c1 c1ccccc1 0.9999655 388.4290 1.0000000 1.0000
 | 23.2479 26.3316 101.6468 0.9998318 O=C(NC1CCNC1)C1c2ccccc2Oc2ccccc21 O=C(NC1CCNC1)C1c2ccccc2Oc2ccccc21 0.9998318 294.3540 1.0000000 1.0000
 | 31.2575 36.2464 91.7533 0.9999979 CC(C)c1ccc2c(=NC(=O)N=c3[nH]oc4ccccc34)cc[nH]c2c1 O=C(N=c1cc[nH]c2ccccc12)N=c1[nH]oc2ccccc12 0.9999979 346.3900 1.0000000 1.0000
21:11:03 <INFO> sigma: 128, prior_lls: tensor([-31.5521, -30.9719, -22.1430, -28.1190, -20.3042, -25.7993, -26.4521,
        -29.0847, -18.6171, -45.5953])
21:11:03 <INFO> Score: 0.79 Agent NLL: 27.81 Valid: 100% Step: 7
 | Agent Prior Target Score SMILES Scaffold Molecular weight Molecular weight (raw) Unwanted SMARTS Unwanted SMARTS (raw)
 | 22.4822 31.5521 96.4475 0.9999971 O=C(CN1CCOCC1)Nc1ccc(N2CCOCC2)c(Cl)c1 O=C(CN1CCOCC1)Nc1ccc(N2CCOCC2)cc1 0.9999971 339.8230 1.0000000 1.0000
 | 31.1861 30.9719 56.5260 0.6835773 Cc1[nH]c(=O)[nH]c(=O)c1C=CC(=O)NCCCN1CCN(CCCNC(=O)C(N)CC(C)C)CC1 O=C(C=Cc1c[nH]c(=O)[nH]c1=O)NCCCN1CCNCC1 0.6835773 491.6370 1.0000000 1.0000
 | 45.9791 22.1430 105.4855 0.9970977 c1cc2c(cc1OC1CCCC1N1CCOCC1)CCCN2Cc1cnc2n1CCCC2 c1cc2c(cc1OC1CCCC1N1CCOCC1)CCCN2Cc1cnc2n1CCCC2 0.9970977 436.6000 1.0000000 1.0000
 | 18.4676 28.1190 99.7661 0.9991027 NNC(=O)c1ccc(N(CCCl)CCCl)cc1 c1ccccc1 0.9991027 276.1670 0.0000000 0.0000
 | 30.6432 20.3042 107.6956 0.9999980 Cc1ccsc1CN(Cc1ccc(N)cc1)C(=O)Nc1ccccc1 O=C(Nc1ccccc1)N(Cc1ccccc1)Cc1cccs1 0.9999980 351.4750 1.0000000 1.0000
 | 26.3981 25.7993 102.1982 0.9999803 COc1cc(Br)ccc1CN1CCC(N=c2[nH]ccs2)CC1 c1ccc(CN2CCC(N=c3[nH]ccs3)CC2)cc1 0.9999803 382.3270 1.0000000 1.0000
 | 25.8714 26.4521 -0.3706 0.2037619 CCc1[nH]c(N(C)C)nc(=O)c1F O=c1cc[nH]cn1 0.2037619 185.2020 1.0000000 1.0000
 | 29.0751 29.0847 98.9140 0.9999892 CNC(=O)CN(C)Cc1cn(C)c2ccc(Br)cc12 c1ccc2[nH]ccc2c1 0.9999892 324.2220 1.0000000 1.0000
 | 27.8579 18.6171 -18.5776 0.0003088 Cc1ccc2[nH]c(=O)c(C(c3nnnn3Cc3cccs3)N3CCN(C(c4ccccc4)c4ccccc4)CC3)cc2c1 O=c1[nH]c2ccccc2cc1C(c1nnnn1Cc1cccs1)N1CCN(C(c2ccccc2)c2ccccc2)CC1 0.0003088 587.7530 1.0000000 1.0000
 | 20.1040 45.5953 82.2246 0.9985933 COc1cccc(-c2[nH]c(=NN)n(C)c(=O)c2C#N)c1 N=c1[nH]c(-c2ccccc2)cc(=O)[nH]1 0.9985933 271.2800 0.0000000 0.0000
21:11:04 <INFO> sigma: 128, prior_lls: tensor([-25.5910, -39.1157, -27.3169, -22.5246, -34.7855, -35.4992, -19.2761,
        -33.4094, -22.2954, -35.9170])
21:11:05 <INFO> Score: 1.00 Agent NLL: 29.60 Valid: 100% Step: 8
 | Agent Prior Target Score SMILES Scaffold Molecular weight Molecular weight (raw) Unwanted SMARTS Unwanted SMARTS (raw)
 | 33.4620 25.5910 102.4086 0.9999970 O=C(N=c1cc(Nc2cc(O)ccc2F)cc[nH]1)Oc1ccccc1 O=C(N=c1cc(Nc2ccccc2)cc[nH]1)Oc1ccccc1 0.9999970 339.3260 0.0000000 0.0000
 | 38.9740 39.1157 88.8840 0.9999980 Cc1csc(CC(C)c2nc(C(=O)N(C)CCN(C)C)cs2)n1 c1csc(CCc2nccs2)n1 0.9999980 352.5290 1.0000000 1.0000
 | 34.9236 27.3169 100.5347 0.9988405 CCCN(CC(C)C)c1nccc2c(C(C)=O)ccn12 c1cc2ccncn2c1 0.9988405 273.3800 1.0000000 1.0000
 | 22.7481 22.5246 102.9308 0.9801208 c1ccc(COCc2cc3n(n2)CCCC3)cc1 c1ccc(COCc2cc3n(n2)CCCC3)cc1 0.9801208 242.3220 1.0000000 1.0000
 | 27.3704 34.7855 93.2079 0.9999483 CC(N=c1cccc(-n2cnc3cc(C#N)cnc32)[nH]1)c1c(F)cccc1Cl c1ccc(CN=c2cccc(-n3cnc4cccnc43)[nH]2)cc1 0.9999483 392.8250 1.0000000 1.0000
 | 25.6140 35.4992 92.5006 0.9999979 CN(C)S(=O)(=O)c1ccc(-c2ccnc3cc(Cl)ccc23)cc1 c1ccc(-c2ccnc3ccccc23)cc1 0.9999979 346.8390 1.0000000 1.0000
 | 19.5698 19.2761 108.1294 0.9953559 NNC(=O)COc1ccc(Oc2ccccc2)cc1 c1ccc(Oc2ccccc2)cc1 0.9953559 258.2770 0.0000000 0.0000
 | 35.2930 33.4094 94.5421 0.9996205 N=C(N)Nc1ccc(-c2cc(-c3ccc(OCCCF)cc3)c3ccccc3n2)cc1 c1ccc(-c2cc(-c3ccccc3)c3ccccc3n2)cc1 0.9996205 414.4840 1.0000000 1.0000
 | 35.6635 22.2954 104.8654 0.9934442 NC1CCC(Nc2cc(C(=O)N=c3cccc(Oc4cncnc4)[nH]3)n3cncc3n2)CC1 O=C(N=c1cccc(Oc2cncnc2)[nH]1)c1cc(NC2CCCCC2)nc2cncn12 0.9934442 445.4870 1.0000000 1.0000
 | 22.3473 35.9170 92.0826 0.9999974 CC(C)CN1C(=O)c2ccccc2C(C(=O)O)C1c1ccc(Cl)cc1 O=C1NC(c2ccccc2)Cc2ccccc21 0.9999974 357.8370 0.0000000 0.0000
21:11:05 <INFO> sigma: 128, prior_lls: tensor([-25.7930, -24.4825, -52.5944, -32.0292, -30.1979, -32.1883, -23.7148,
        -24.2202, -32.1208, -46.6657])
21:11:06 <INFO> Score: 0.88 Agent NLL: 32.20 Valid:  90% Step: 9
 | Agent Prior Target Score SMILES Scaffold Molecular weight Molecular weight (raw) Unwanted SMARTS Unwanted SMARTS (raw)
 | 46.4822 25.7930 -25.7930 0.0000000 INVALID0 -- 0.0000000 0.0000 0.0000000 0.0000
 | 31.8449 24.4825 103.5169 0.9999956 COCCC1(O)CCN(CC2CCCN(c3ccncn3)C2)CC1 c1cc(N2CCCC(CN3CCCCC3)C2)ncn1 0.9999956 334.4640 1.0000000 1.0000
 | 24.4587 52.5944 75.4043 0.9999903 CCN(CC)C(=S)Nc1sc2c(c1C(N)=O)CCC(C)C2 c1cc2c(s1)CCCC2 0.9999903 325.5030 0.0000000 0.0000
 | 31.8269 32.0292 95.9260 0.9996503 CN=c1[nH]c2c(s1)-c1nc(C3CCCC3)ncc1CC2 N=c1[nH]c2c(s1)-c1nc(C3CCCC3)ncc1CC2 0.9996503 286.4040 1.0000000 1.0000
 | 30.7770 30.1979 97.8018 0.9999972 N#Cc1cccc(-c2c(C#N)[nH]c3[nH]c(=N)nc(OC4CCCNC4)c23)c1 N=c1nc(OC2CCCNC2)c2c(-c3ccccc3)c[nH]c2[nH]1 0.9999972 359.3930 1.0000000 1.0000
 | 23.5596 32.1883 95.8113 0.9999976 N#Cc1cccnc1N1CCN(C(=S)c2ccc(Cl)cc2)CC1 S=C(c1ccccc1)N1CCN(c2ccccn2)CC1 0.9999976 342.8550 1.0000000 1.0000
 | 24.1761 23.7148 96.9435 0.9426429 Cc1ccc(S(=O)(=O)C(CNC(=O)C(c2ccccc2)c2ccccc2)c2ccccc2)cc1 O=C(NCC(c1ccccc1)S(=O)(=O)c1ccccc1)C(c1ccccc1)c1ccccc1 0.9426429 469.6060 1.0000000 1.0000
 | 52.6639 24.2202 90.0830 0.8929939 CC(C)(O)C#Cc1[nH]nc2c1C1(O)c3ccccc3C(N1NC(=O)c1ccccc1Cl)C2(C)C O=C(NN1C2Cc3n[nH]cc3C1c1ccccc12)c1ccccc1 0.8929939 476.9640 0.0000000 0.0000
 | 30.2388 32.1208 95.8763 0.9999779 CCOC1CCC2(CCc3ccccc3C23COC(=N)N3)OC1 N=C1NC2(CO1)c1ccccc1CCC21CCCCO1 0.9999779 316.4010 1.0000000 1.0000
 | 26.0165 46.6657 81.3164 0.9998598 Cc1ccc(Cc2c(O)[nH]c(-c3ccc(C)o3)nc2=O)cc1 O=c1nc(-c2ccco2)[nH]cc1Cc1ccccc1 0.9998598 296.3260 1.0000000 1.0000
21:11:07 <INFO> sigma: 128, prior_lls: tensor([-26.3970, -30.7540, -21.0366, -38.5121, -24.1102, -35.0421, -42.9602,
        -33.5205, -25.9531, -45.9390])
21:11:07 <INFO> Score: 0.80 Agent NLL: 32.43 Valid: 100% Step: 10
 | Agent Prior Target Score SMILES Scaffold Molecular weight Molecular weight (raw) Unwanted SMARTS Unwanted SMARTS (raw)
 | 38.2708 26.3970 101.5749 0.9997804 CCC1CN2CCC1C(NC(=O)c1ccc3ccccc3c1)C2CCCCC(=O)O O=C(NC1CN2CCC1CC2)c1ccc2ccccc2c1 0.9997804 408.5420 0.0000000 0.0000
 | 42.6860 30.7540 -30.7016 0.0004100 C#CCOC(=O)c1cc(NC(=O)c2cc(NC(=O)C=Cc3ccc(NC(=O)CN4CCCCC4)c(C)c3)cn2C)cn1C O=C(C=Cc1ccc(NC(=O)CN2CCCCC2)cc1)Nc1c[nH]c(C(=O)Nc2cc[nH]c2)c1 0.0004100 584.6770 0.0000000 0.0000
 | 33.1367 21.0366 106.9581 0.9999585 CCc1cccc(C)c1NC(=O)COc1ccc2c(=O)n(CCC#N)cnc2c1 O=C(COc1ccc2c(=O)[nH]cnc2c1)Nc1ccccc1 0.9999585 390.4430 1.0000000 1.0000
 | 46.1704 38.5121 89.4875 0.9999968 CCn1c2c3c(NC(N)=O)[nH]c(O)c3ccc2n2c(=S)sc(C)c12 S=c1scc2[nH]c3c4c[nH]cc4ccc3n12 0.9999968 361.4520 1.0000000 1.0000
 | 26.7584 24.1102 -23.9264 0.0014354 Oc1ccc(N=c2[nH]c(=Nc3ccc(N=c4cc[nH]c5cc(Cl)ccc45)cc3)[nH]c(=NC3CCCCC3)[nH]2)cc1F c1ccc(N=c2[nH]c(=Nc3ccc(N=c4cc[nH]c5ccccc45)cc3)[nH]c(=NC3CCCCC3)[nH]2)cc1 0.0014354 571.0600 1.0000000 1.0000
 | 21.2244 35.0421 88.7284 0.9669564 Cc1cc(=O)n(-c2ccccc2Cl)c(=O)[nH]1 O=c1cc[nH]c(=O)n1-c1ccccc1 0.9669564 236.6580 1.0000000 1.0000
 | 30.8873 42.9602 85.0391 0.9999948 N=c1[nH]c(N2CCC3(CC2)OCCO3)c(-c2cc3ccccc3o2)c(=N)[nH]1 N=c1[nH]c(N2CCC3(CC2)OCCO3)c(-c2cc3ccccc3o2)c(=N)[nH]1 0.9999948 367.4090 0.0000000 0.0000
 | 35.0682 33.5205 94.4761 0.9999734 OC1CCCCCC1COc1ccccc1-c1cccc(F)c1 c1ccc(-c2ccccc2OCC2CCCCCC2)cc1 0.9999734 314.4000 1.0000000 1.0000
 | 24.2456 25.9531 102.0463 0.9999954 CC(C)(C)NCC(O)COc1cccc(-c2ccccc2Cl)c1 c1ccc(-c2ccccc2)cc1 0.9999954 333.8590 1.0000000 1.0000
 | 25.8429 45.9390 82.0587 0.9999818 CN1CCN(CCCn2cnc3c(OCc4ccccc4)[nH]c(=N)nc32)CC1 N=c1nc2c(ncn2CCCN2CCNCC2)c(OCc2ccccc2)[nH]1 0.9999818 381.4840 1.0000000 1.0000
21:11:08 <INFO> sigma: 128, prior_lls: tensor([-39.0232, -37.4485, -26.9186, -18.8010, -25.4722, -27.1892, -25.2379,
        -36.9261, -38.9343, -36.0302])
21:11:09 <INFO> Score: 0.68 Agent NLL: 31.18 Valid:  90% Step: 11
 | Agent Prior Target Score SMILES Scaffold Molecular weight Molecular weight (raw) Unwanted SMARTS Unwanted SMARTS (raw)
 | 38.7642 39.0232 88.9757 0.9999912 Cc1nn(CCCC(=O)NCC(N)CN)c(=O)c2c1sc1ccccc12 O=c1[nH]ncc2sc3ccccc3c12 0.9999912 373.4820 1.0000000 1.0000
 | 35.6984 37.4485 -37.4485 0.0000000 INVALID1 -- 0.0000000 0.0000 0.0000000 0.0000
 | 36.8872 26.9186 -26.9156 0.0000236 COCCCc1cc(CN(C(=O)C2CC2(C(=O)N(C)C2CC2)c2ccccc2)C2CC2)cc(OCCNC(=O)C(F)(F)F)c1 O=C(C1CC1(C(=O)NC1CC1)c1ccccc1)N(Cc1ccccc1)C1CC1 0.0000236 615.6930 1.0000000 1.0000
 | 25.2310 18.8010 109.1987 0.9999976 Fc1cccc(-c2csc3[nH]cnc(=NCC4CCOCC4)c23)c1 c1ccc(-c2csc3[nH]cnc(=NCC4CCOCC4)c23)cc1 0.9999976 343.4270 1.0000000 1.0000
 | 26.5528 25.4722 93.0214 0.9257314 CCCCCCCCC(CN)C(=O)C(C)C  0.9257314 227.3920 1.0000000 1.0000
 | 37.6807 27.1892 -27.1408 0.0003775 CCCCCCC1C(OC(=O)Cc2ccc(N(CCCl)CCCl)cc2)C(=O)C=CN1C(=O)C=Cc1ccccc1 O=C(Cc1ccccc1)OC1CN(C(=O)C=Cc2ccccc2)C=CC1=O 0.0003775 585.5720 0.0000000 0.0000
 | 26.8007 25.2379 102.3499 0.9967798 Cc1cccc2cc(-c3ccnc(C#N)c3)c(=O)oc12 O=c1oc2ccccc2cc1-c1ccncc1 0.9967798 262.2680 1.0000000 1.0000
 | 18.9350 36.9261 90.6625 0.9967863 O=C(N=c1[nH]ccs1)C1COc2ccccc2O1 O=C(N=c1[nH]ccs1)C1COc2ccccc2O1 0.9967863 262.2900 1.0000000 1.0000
 | 25.9215 38.9343 88.6140 0.9964709 O=C(O)Cc1sc(COc2ccc(Cl)cc2)nc1-c1ccc(Br)cc1 c1ccc(OCc2nc(-c3ccccc3)cs2)cc1 0.9964709 438.7300 0.0000000 0.0000
 | 39.2808 36.0302 77.5469 0.8873215 CCN(CC)CCCn1c(Sc2ccccc2OC)nc2c1ncn1nc(-c3ccco3)nc21 c1ccc(Sc2nc3c(ncn4nc(-c5ccco5)nc34)[nH]2)cc1 0.8873215 477.5940 1.0000000 1.0000
21:11:09 <INFO> sigma: 128, prior_lls: tensor([-40.0383, -21.0408, -27.2669, -32.1997, -43.1534, -39.4581, -25.8882,
        -24.3435, -28.1437, -25.6229])
21:11:10 <INFO> Score: 1.00 Agent NLL: 30.68 Valid: 100% Step: 12
 | Agent Prior Target Score SMILES Scaffold Molecular weight Molecular weight (raw) Unwanted SMARTS Unwanted SMARTS (raw)
 | 25.8428 40.0383 87.8506 0.9991323 CCCCCOc1ccc(N=Cc2c(O)n(-c3ccc(OC)cc3)c(=O)[nH]c2=O)cc1 O=c1[nH]c(=O)n(-c2ccccc2)cc1C=Nc1ccccc1 0.9991323 423.4690 1.0000000 1.0000
 | 25.8588 21.0408 106.9586 0.9999952 CCCCCCCCn1c(COc2ccc(OC)cc2)nc2ccccc21 c1ccc(OCc2nc3ccccc3[nH]2)cc1 0.9999952 366.5050 1.0000000 1.0000
 | 31.9823 27.2669 100.7327 0.9999970 O=C(Cc1c[nH]cn1)N(Cc1ccccc1OC(F)(F)F)C1CC1 O=C(Cc1c[nH]cn1)N(Cc1ccccc1)C1CC1 0.9999970 339.3170 1.0000000 1.0000
 | 42.6839 32.1997 95.7864 0.9998919 COc1nc(Cc2ccc(F)cc2Cl)c(O)[nH]c1=NN=Cc1cccc(C)c1 C(=NN=c1cnc(Cc2ccccc2)c[nH]1)c1ccccc1 0.9998919 400.8410 0.0000000 0.0000
 | 39.1667 43.1534 84.8462 0.9999975 O=C(NC1CCC(O)C1)C(=O)N1CCC(N2Cc3ccccc3C2)CC1 O=C(NC1CCCC1)C(=O)N1CCC(N2Cc3ccccc3C2)CC1 0.9999975 357.4540 1.0000000 1.0000
 | 39.9808 39.4581 88.5317 0.9999207 CCCn1nc(-c2cnc(=N)[nH]c2C)n2c(C3CCC(CN)CC3)nc(=O)nc12 N=c1ncc(-c2n[nH]c3nc(=O)nc(C4CCCCC4)n23)c[nH]1 0.9999207 397.4870 1.0000000 1.0000
 | 24.1675 25.8882 102.0969 0.9998835 c1cnc(N2CCC(NCc3ccc4c(c3)OCO4)C2)nc1 c1cnc(N2CCC(NCc3ccc4c(c3)OCO4)C2)nc1 0.9998835 298.3460 0.0000000 0.0000
 | 28.4192 24.3435 103.6530 0.9999734 Cc1ccc2oc(C(=O)N3CC(C(=O)NCC(C)C)C3)cc2c1 O=C(c1cc2ccccc2o1)N1CCC1 0.9999734 314.3850 1.0000000 1.0000
 | 21.2078 28.1437 99.8325 0.9998142 O=C(NCc1cccnc1)Nc1ccc(OC(F)F)cc1 O=C(NCc1cccnc1)Nc1ccccc1 0.9998142 293.2730 1.0000000 1.0000
 | 27.4670 25.6229 102.1819 0.9984749 Nc1c(SCCc2ccccc2)cnc2c1CCC2 c1ccc(CCSc2cnc3c(c2)CCC3)cc1 0.9984749 270.4010 1.0000000 1.0000
21:11:10 <INFO> Terminating early in step = 11
21:11:10 <INFO> terminated: False
21:11:10 <INFO> Finished stage 2 >>>
21:11:10 <INFO> Peak main memory usage: 714.875 MiB
21:11:10 <INFO> Finished REINVENT on 2023-12-12
